{"meta": {"format": 3, "version": "7.13.0", "timestamp": "2025-12-28T22:01:12.394628", "branch_coverage": false, "show_contexts": false}, "files": {"src/evo_flywheel/analyzers/batch.py": {"executed_lines": [1, 6, 7, 8, 10, 11, 13, 16, 17, 20, 34, 45, 46, 47, 50, 54, 55, 58, 72, 73, 76, 77, 80, 89, 90, 96, 103, 104, 107, 132, 133, 135, 136, 137, 139, 141, 142, 143, 144, 145, 148, 149, 150, 151, 152, 153, 154, 157, 158, 159, 160, 161, 163, 166, 168, 169, 170, 173, 181, 184, 185, 186, 187, 189, 192, 194, 199, 202, 217, 219, 228, 230, 231, 233, 238, 241, 253, 254, 255, 257, 259, 260, 261, 262, 266, 267, 269, 270, 271, 272, 273, 281], "summary": {"covered_lines": 91, "num_statements": 105, "percent_covered": 86.66666666666667, "percent_covered_display": "86.67", "missing_lines": 14, "excluded_lines": 0, "percent_statements_covered": 86.66666666666667, "percent_statements_covered_display": "86.67"}, "missing_lines": [51, 74, 91, 92, 93, 234, 235, 263, 274, 275, 276, 277, 278, 279], "excluded_lines": [], "functions": {"is_analyzed": {"executed_lines": [34, 45, 46, 47, 50, 54, 55], "summary": {"covered_lines": 7, "num_statements": 8, "percent_covered": 87.5, "percent_covered_display": "87.50", "missing_lines": 1, "excluded_lines": 0, "percent_statements_covered": 87.5, "percent_statements_covered_display": "87.50"}, "missing_lines": [51], "excluded_lines": []}, "get_cached_analysis": {"executed_lines": [72, 73, 76, 77], "summary": {"covered_lines": 4, "num_statements": 5, "percent_covered": 80.0, "percent_covered_display": "80.00", "missing_lines": 1, "excluded_lines": 0, "percent_statements_covered": 80.0, "percent_statements_covered_display": "80.00"}, "missing_lines": [74], "excluded_lines": []}, "_get_cache_key": {"executed_lines": [89, 90], "summary": {"covered_lines": 2, "num_statements": 5, "percent_covered": 40.0, "percent_covered_display": "40.00", "missing_lines": 3, "excluded_lines": 0, "percent_statements_covered": 40.0, "percent_statements_covered_display": "40.00"}, "missing_lines": [91, 92, 93], "excluded_lines": []}, "_set_cache": {"executed_lines": [103, 104], "summary": {"covered_lines": 2, "num_statements": 2, "percent_covered": 100.0, "percent_covered_display": "100.00", "missing_lines": 0, "excluded_lines": 0, "percent_statements_covered": 100.0, "percent_statements_covered_display": "100.00"}, "missing_lines": [], "excluded_lines": []}, "analyze_papers_batch": {"executed_lines": [132, 133, 135, 136, 137, 139, 141, 142, 143, 144, 145, 148, 149, 150, 151, 152, 153, 154, 157, 158, 159, 160, 161, 163, 166, 168, 169, 170, 173, 181, 184, 185, 186, 187, 189, 192, 194, 199], "summary": {"covered_lines": 38, "num_statements": 38, "percent_covered": 100.0, "percent_covered_display": "100.00", "missing_lines": 0, "excluded_lines": 0, "percent_statements_covered": 100.0, "percent_statements_covered_display": "100.00"}, "missing_lines": [], "excluded_lines": []}, "_analyze_concurrent": {"executed_lines": [217, 219, 266, 267, 269, 270, 271, 272, 273, 281], "summary": {"covered_lines": 10, "num_statements": 16, "percent_covered": 62.5, "percent_covered_display": "62.50", "missing_lines": 6, "excluded_lines": 0, "percent_statements_covered": 62.5, "percent_statements_covered_display": "62.50"}, "missing_lines": [274, 275, 276, 277, 278, 279], "excluded_lines": []}, "_analyze_concurrent._analyze_single": {"executed_lines": [228, 230, 231, 233, 238, 241, 253, 254, 255, 257, 259, 260, 261, 262], "summary": {"covered_lines": 14, "num_statements": 17, "percent_covered": 82.3529411764706, "percent_covered_display": "82.35", "missing_lines": 3, "excluded_lines": 0, "percent_statements_covered": 82.3529411764706, "percent_statements_covered_display": "82.35"}, "missing_lines": [234, 235, 263], "excluded_lines": []}, "": {"executed_lines": [1, 6, 7, 8, 10, 11, 13, 16, 17, 20, 58, 80, 96, 107, 202], "summary": {"covered_lines": 14, "num_statements": 14, "percent_covered": 100.0, "percent_covered_display": "100.00", "missing_lines": 0, "excluded_lines": 0, "percent_statements_covered": 100.0, "percent_statements_covered_display": "100.00"}, "missing_lines": [], "excluded_lines": []}}, "classes": {"": {"executed_lines": [1, 6, 7, 8, 10, 11, 13, 16, 17, 20, 34, 45, 46, 47, 50, 54, 55, 58, 72, 73, 76, 77, 80, 89, 90, 96, 103, 104, 107, 132, 133, 135, 136, 137, 139, 141, 142, 143, 144, 145, 148, 149, 150, 151, 152, 153, 154, 157, 158, 159, 160, 161, 163, 166, 168, 169, 170, 173, 181, 184, 185, 186, 187, 189, 192, 194, 199, 202, 217, 219, 228, 230, 231, 233, 238, 241, 253, 254, 255, 257, 259, 260, 261, 262, 266, 267, 269, 270, 271, 272, 273, 281], "summary": {"covered_lines": 91, "num_statements": 105, "percent_covered": 86.66666666666667, "percent_covered_display": "86.67", "missing_lines": 14, "excluded_lines": 0, "percent_statements_covered": 86.66666666666667, "percent_statements_covered_display": "86.67"}, "missing_lines": [51, 74, 91, 92, 93, 234, 235, 263, 274, 275, 276, 277, 278, 279], "excluded_lines": []}}}, "src/evo_flywheel/analyzers/llm.py": {"executed_lines": [1, 6, 7, 8, 9, 11, 13, 14, 15, 17, 20, 21, 22, 24, 25, 26, 29, 30, 31, 33, 34, 35, 36, 37, 38, 39, 40, 43, 66, 78, 79, 82, 85, 86, 87, 90, 91, 93, 96, 97, 98, 101, 102, 103, 104, 107, 117, 118, 119, 122, 126, 132, 143, 166, 169, 172, 173, 174, 175, 177, 191, 192, 195, 201, 205, 207, 208, 209, 212, 213, 214, 217, 218], "summary": {"covered_lines": 70, "num_statements": 82, "percent_covered": 85.36585365853658, "percent_covered_display": "85.37", "missing_lines": 12, "excluded_lines": 0, "percent_statements_covered": 85.36585365853658, "percent_statements_covered_display": "85.37"}, "missing_lines": [51, 54, 55, 57, 58, 60, 88, 123, 127, 128, 129, 130], "excluded_lines": [], "functions": {"get_openai_client": {"executed_lines": [], "summary": {"covered_lines": 0, "num_statements": 6, "percent_covered": 0.0, "percent_covered_display": "0.00", "missing_lines": 6, "excluded_lines": 0, "percent_statements_covered": 0.0, "percent_statements_covered_display": "0.00"}, "missing_lines": [51, 54, 55, 57, 58, 60], "excluded_lines": []}, "parse_llm_response": {"executed_lines": [78, 79, 82, 85, 86, 87, 90, 91, 93, 96, 97, 98, 101, 102, 103, 104, 107, 117, 118, 119, 122, 126, 132], "summary": {"covered_lines": 23, "num_statements": 29, "percent_covered": 79.3103448275862, "percent_covered_display": "79.31", "missing_lines": 6, "excluded_lines": 0, "percent_statements_covered": 79.3103448275862, "percent_statements_covered_display": "79.31"}, "missing_lines": [88, 123, 127, 128, 129, 130], "excluded_lines": []}, "analyze_paper": {"executed_lines": [166, 169, 172, 173, 174, 175, 177, 191, 192, 195, 201, 205, 207, 208, 209, 212, 213, 214, 217, 218], "summary": {"covered_lines": 20, "num_statements": 20, "percent_covered": 100.0, "percent_covered_display": "100.00", "missing_lines": 0, "excluded_lines": 0, "percent_statements_covered": 100.0, "percent_statements_covered_display": "100.00"}, "missing_lines": [], "excluded_lines": []}, "": {"executed_lines": [1, 6, 7, 8, 9, 11, 13, 14, 15, 17, 20, 21, 22, 24, 25, 26, 29, 30, 31, 33, 34, 35, 36, 37, 38, 39, 40, 43, 66, 143], "summary": {"covered_lines": 27, "num_statements": 27, "percent_covered": 100.0, "percent_covered_display": "100.00", "missing_lines": 0, "excluded_lines": 0, "percent_statements_covered": 100.0, "percent_statements_covered_display": "100.00"}, "missing_lines": [], "excluded_lines": []}}, "classes": {"TokenUsage": {"executed_lines": [], "summary": {"covered_lines": 0, "num_statements": 0, "percent_covered": 100.0, "percent_covered_display": "100.00", "missing_lines": 0, "excluded_lines": 0, "percent_statements_covered": 100.0, "percent_statements_covered_display": "100.00"}, "missing_lines": [], "excluded_lines": []}, "AnalysisResult": {"executed_lines": [], "summary": {"covered_lines": 0, "num_statements": 0, "percent_covered": 100.0, "percent_covered_display": "100.00", "missing_lines": 0, "excluded_lines": 0, "percent_statements_covered": 100.0, "percent_statements_covered_display": "100.00"}, "missing_lines": [], "excluded_lines": []}, "": {"executed_lines": [1, 6, 7, 8, 9, 11, 13, 14, 15, 17, 20, 21, 22, 24, 25, 26, 29, 30, 31, 33, 34, 35, 36, 37, 38, 39, 40, 43, 66, 78, 79, 82, 85, 86, 87, 90, 91, 93, 96, 97, 98, 101, 102, 103, 104, 107, 117, 118, 119, 122, 126, 132, 143, 166, 169, 172, 173, 174, 175, 177, 191, 192, 195, 201, 205, 207, 208, 209, 212, 213, 214, 217, 218], "summary": {"covered_lines": 70, "num_statements": 82, "percent_covered": 85.36585365853658, "percent_covered_display": "85.37", "missing_lines": 12, "excluded_lines": 0, "percent_statements_covered": 85.36585365853658, "percent_statements_covered_display": "85.37"}, "missing_lines": [51, 54, 55, 57, 58, 60, 88, 123, 127, 128, 129, 130], "excluded_lines": []}}}, "src/evo_flywheel/analyzers/prompts.py": {"executed_lines": [1, 7, 10, 13, 23, 29, 40, 51, 54, 135], "summary": {"covered_lines": 9, "num_statements": 9, "percent_covered": 100.0, "percent_covered_display": "100.00", "missing_lines": 0, "excluded_lines": 0, "percent_statements_covered": 100.0, "percent_statements_covered_display": "100.00"}, "missing_lines": [], "excluded_lines": [], "functions": {"get_analysis_schema": {"executed_lines": [29], "summary": {"covered_lines": 1, "num_statements": 1, "percent_covered": 100.0, "percent_covered_display": "100.00", "missing_lines": 0, "excluded_lines": 0, "percent_statements_covered": 100.0, "percent_statements_covered_display": "100.00"}, "missing_lines": [], "excluded_lines": []}, "build_analysis_prompt": {"executed_lines": [51, 54, 135], "summary": {"covered_lines": 3, "num_statements": 3, "percent_covered": 100.0, "percent_covered_display": "100.00", "missing_lines": 0, "excluded_lines": 0, "percent_statements_covered": 100.0, "percent_statements_covered_display": "100.00"}, "missing_lines": [], "excluded_lines": []}, "": {"executed_lines": [1, 7, 10, 13, 23, 40], "summary": {"covered_lines": 5, "num_statements": 5, "percent_covered": 100.0, "percent_covered_display": "100.00", "missing_lines": 0, "excluded_lines": 0, "percent_statements_covered": 100.0, "percent_statements_covered_display": "100.00"}, "missing_lines": [], "excluded_lines": []}}, "classes": {"": {"executed_lines": [1, 7, 10, 13, 23, 29, 40, 51, 54, 135], "summary": {"covered_lines": 9, "num_statements": 9, "percent_covered": 100.0, "percent_covered_display": "100.00", "missing_lines": 0, "excluded_lines": 0, "percent_statements_covered": 100.0, "percent_statements_covered_display": "100.00"}, "missing_lines": [], "excluded_lines": []}}}, "src/evo_flywheel/collectors/biorxiv.py": {"executed_lines": [1, 6, 7, 9, 11, 13, 16, 17, 20, 35, 36, 38, 39, 41, 44, 53, 54, 56, 58, 59, 60, 61, 62, 65, 75, 76, 77, 78, 81, 84, 85, 86, 87, 90, 93, 94, 97, 107, 110, 131, 133, 135, 136, 137, 138, 141, 142, 143, 145, 148, 149, 151, 152, 153, 154, 155, 160, 161], "summary": {"covered_lines": 57, "num_statements": 62, "percent_covered": 91.93548387096774, "percent_covered_display": "91.94", "missing_lines": 5, "excluded_lines": 0, "percent_statements_covered": 91.93548387096774, "percent_statements_covered_display": "91.94"}, "missing_lines": [139, 140, 156, 157, 158], "excluded_lines": [], "functions": {"build_api_url": {"executed_lines": [35, 36, 38, 39, 41], "summary": {"covered_lines": 5, "num_statements": 5, "percent_covered": 100.0, "percent_covered_display": "100.00", "missing_lines": 0, "excluded_lines": 0, "percent_statements_covered": 100.0, "percent_statements_covered_display": "100.00"}, "missing_lines": [], "excluded_lines": []}, "parse_biorxiv_date": {"executed_lines": [53, 54, 56, 58, 59, 60, 61, 62], "summary": {"covered_lines": 8, "num_statements": 8, "percent_covered": 100.0, "percent_covered_display": "100.00", "missing_lines": 0, "excluded_lines": 0, "percent_statements_covered": 100.0, "percent_statements_covered_display": "100.00"}, "missing_lines": [], "excluded_lines": []}, "parse_biorxiv_paper": {"executed_lines": [75, 76, 77, 78, 81, 84, 85, 86, 87, 90, 93, 94, 97, 107], "summary": {"covered_lines": 14, "num_statements": 14, "percent_covered": 100.0, "percent_covered_display": "100.00", "missing_lines": 0, "excluded_lines": 0, "percent_statements_covered": 100.0, "percent_statements_covered_display": "100.00"}, "missing_lines": [], "excluded_lines": []}, "fetch_biorxiv_papers": {"executed_lines": [131, 133, 135, 136, 137, 138, 141, 142, 143, 145, 148, 149, 151, 152, 153, 154, 155, 160, 161], "summary": {"covered_lines": 19, "num_statements": 24, "percent_covered": 79.16666666666667, "percent_covered_display": "79.17", "missing_lines": 5, "excluded_lines": 0, "percent_statements_covered": 79.16666666666667, "percent_statements_covered_display": "79.17"}, "missing_lines": [139, 140, 156, 157, 158], "excluded_lines": []}, "": {"executed_lines": [1, 6, 7, 9, 11, 13, 16, 17, 20, 44, 65, 110], "summary": {"covered_lines": 11, "num_statements": 11, "percent_covered": 100.0, "percent_covered_display": "100.00", "missing_lines": 0, "excluded_lines": 0, "percent_statements_covered": 100.0, "percent_statements_covered_display": "100.00"}, "missing_lines": [], "excluded_lines": []}}, "classes": {"": {"executed_lines": [1, 6, 7, 9, 11, 13, 16, 17, 20, 35, 36, 38, 39, 41, 44, 53, 54, 56, 58, 59, 60, 61, 62, 65, 75, 76, 77, 78, 81, 84, 85, 86, 87, 90, 93, 94, 97, 107, 110, 131, 133, 135, 136, 137, 138, 141, 142, 143, 145, 148, 149, 151, 152, 153, 154, 155, 160, 161], "summary": {"covered_lines": 57, "num_statements": 62, "percent_covered": 91.93548387096774, "percent_covered_display": "91.94", "missing_lines": 5, "excluded_lines": 0, "percent_statements_covered": 91.93548387096774, "percent_statements_covered_display": "91.94"}, "missing_lines": [139, 140, 156, 157, 158], "excluded_lines": []}}}, "src/evo_flywheel/collectors/dedup.py": {"executed_lines": [1, 6, 7, 8, 10, 12, 15, 25, 37, 38, 41, 43, 45, 47, 49, 51, 54, 66, 67, 68, 69, 70, 73, 74, 75, 76, 77, 78, 81, 82, 85, 95, 96, 98, 100, 103, 114, 115, 117, 118, 120, 122, 123, 125, 127, 128, 131, 133, 134, 135, 137], "summary": {"covered_lines": 50, "num_statements": 50, "percent_covered": 100.0, "percent_covered_display": "100.00", "missing_lines": 0, "excluded_lines": 0, "percent_statements_covered": 100.0, "percent_statements_covered_display": "100.00"}, "missing_lines": [], "excluded_lines": [], "functions": {"normalize_title": {"executed_lines": [25, 37, 38, 41, 43, 45, 47, 49, 51], "summary": {"covered_lines": 9, "num_statements": 9, "percent_covered": 100.0, "percent_covered_display": "100.00", "missing_lines": 0, "excluded_lines": 0, "percent_statements_covered": 100.0, "percent_statements_covered_display": "100.00"}, "missing_lines": [], "excluded_lines": []}, "extract_paper_key": {"executed_lines": [66, 67, 68, 69, 70, 73, 74, 75, 76, 77, 78, 81, 82], "summary": {"covered_lines": 13, "num_statements": 13, "percent_covered": 100.0, "percent_covered_display": "100.00", "missing_lines": 0, "excluded_lines": 0, "percent_statements_covered": 100.0, "percent_statements_covered_display": "100.00"}, "missing_lines": [], "excluded_lines": []}, "is_duplicate_paper": {"executed_lines": [95, 96, 98, 100], "summary": {"covered_lines": 4, "num_statements": 4, "percent_covered": 100.0, "percent_covered_display": "100.00", "missing_lines": 0, "excluded_lines": 0, "percent_statements_covered": 100.0, "percent_statements_covered_display": "100.00"}, "missing_lines": [], "excluded_lines": []}, "remove_duplicate_papers": {"executed_lines": [114, 115, 117, 118, 120, 122, 123, 125, 127, 128, 131, 133, 134, 135, 137], "summary": {"covered_lines": 15, "num_statements": 15, "percent_covered": 100.0, "percent_covered_display": "100.00", "missing_lines": 0, "excluded_lines": 0, "percent_statements_covered": 100.0, "percent_statements_covered_display": "100.00"}, "missing_lines": [], "excluded_lines": []}, "": {"executed_lines": [1, 6, 7, 8, 10, 12, 15, 54, 85, 103], "summary": {"covered_lines": 9, "num_statements": 9, "percent_covered": 100.0, "percent_covered_display": "100.00", "missing_lines": 0, "excluded_lines": 0, "percent_statements_covered": 100.0, "percent_statements_covered_display": "100.00"}, "missing_lines": [], "excluded_lines": []}}, "classes": {"": {"executed_lines": [1, 6, 7, 8, 10, 12, 15, 25, 37, 38, 41, 43, 45, 47, 49, 51, 54, 66, 67, 68, 69, 70, 73, 74, 75, 76, 77, 78, 81, 82, 85, 95, 96, 98, 100, 103, 114, 115, 117, 118, 120, 122, 123, 125, 127, 128, 131, 133, 134, 135, 137], "summary": {"covered_lines": 50, "num_statements": 50, "percent_covered": 100.0, "percent_covered_display": "100.00", "missing_lines": 0, "excluded_lines": 0, "percent_statements_covered": 100.0, "percent_statements_covered_display": "100.00"}, "missing_lines": [], "excluded_lines": []}}}, "src/evo_flywheel/collectors/orchestrator.py": {"executed_lines": [1, 6, 7, 9, 10, 11, 12, 14, 17, 32, 34, 35, 37, 38, 39, 45, 54, 56, 57, 58, 60, 64, 66, 67, 68, 69, 70, 71, 72, 74, 77, 78, 80, 83, 100, 102, 105, 106, 109, 111, 113, 114, 117, 119, 121], "summary": {"covered_lines": 44, "num_statements": 49, "percent_covered": 89.79591836734694, "percent_covered_display": "89.80", "missing_lines": 5, "excluded_lines": 0, "percent_statements_covered": 89.79591836734694, "percent_statements_covered_display": "89.80"}, "missing_lines": [40, 41, 42, 61, 62], "excluded_lines": [], "functions": {"collect_from_biorxiv": {"executed_lines": [32, 34, 35, 37, 38, 39], "summary": {"covered_lines": 6, "num_statements": 9, "percent_covered": 66.66666666666667, "percent_covered_display": "66.67", "missing_lines": 3, "excluded_lines": 0, "percent_statements_covered": 66.66666666666667, "percent_statements_covered_display": "66.67"}, "missing_lines": [40, 41, 42], "excluded_lines": []}, "collect_from_rss_sources": {"executed_lines": [54, 56, 57, 58, 60, 64, 66, 67, 68, 69, 70, 71, 72, 74, 77, 78, 80], "summary": {"covered_lines": 17, "num_statements": 19, "percent_covered": 89.47368421052632, "percent_covered_display": "89.47", "missing_lines": 2, "excluded_lines": 0, "percent_statements_covered": 89.47368421052632, "percent_statements_covered_display": "89.47"}, "missing_lines": [61, 62], "excluded_lines": []}, "collect_from_all_sources": {"executed_lines": [100, 102, 105, 106, 109, 111, 113, 114, 117, 119, 121], "summary": {"covered_lines": 11, "num_statements": 11, "percent_covered": 100.0, "percent_covered_display": "100.00", "missing_lines": 0, "excluded_lines": 0, "percent_statements_covered": 100.0, "percent_statements_covered_display": "100.00"}, "missing_lines": [], "excluded_lines": []}, "": {"executed_lines": [1, 6, 7, 9, 10, 11, 12, 14, 17, 45, 83], "summary": {"covered_lines": 10, "num_statements": 10, "percent_covered": 100.0, "percent_covered_display": "100.00", "missing_lines": 0, "excluded_lines": 0, "percent_statements_covered": 100.0, "percent_statements_covered_display": "100.00"}, "missing_lines": [], "excluded_lines": []}}, "classes": {"": {"executed_lines": [1, 6, 7, 9, 10, 11, 12, 14, 17, 32, 34, 35, 37, 38, 39, 45, 54, 56, 57, 58, 60, 64, 66, 67, 68, 69, 70, 71, 72, 74, 77, 78, 80, 83, 100, 102, 105, 106, 109, 111, 113, 114, 117, 119, 121], "summary": {"covered_lines": 44, "num_statements": 49, "percent_covered": 89.79591836734694, "percent_covered_display": "89.80", "missing_lines": 5, "excluded_lines": 0, "percent_statements_covered": 89.79591836734694, "percent_statements_covered_display": "89.80"}, "missing_lines": [40, 41, 42, 61, 62], "excluded_lines": []}}}, "src/evo_flywheel/collectors/rss.py": {"executed_lines": [1, 6, 7, 9, 10, 11, 13, 15, 18, 32, 35, 42, 43, 44, 45, 48, 49, 50, 52, 55, 64, 68, 74, 75, 76, 77, 79, 80, 82, 85, 94, 97, 98, 101, 110, 113, 114, 117, 118, 120, 121, 129, 132, 146, 147, 150, 151, 152, 155, 157, 158, 160, 161, 163, 164, 167, 168, 171, 174, 175, 176, 177, 180, 181, 182, 183, 186, 197, 210, 212, 213, 214, 216, 217, 222, 223], "summary": {"covered_lines": 75, "num_statements": 86, "percent_covered": 87.20930232558139, "percent_covered_display": "87.21", "missing_lines": 11, "excluded_lines": 0, "percent_statements_covered": 87.20930232558139, "percent_statements_covered_display": "87.21"}, "missing_lines": [46, 47, 65, 95, 123, 124, 126, 184, 218, 219, 220], "excluded_lines": [], "functions": {"fetch_rss_feed": {"executed_lines": [32, 35, 42, 43, 44, 45, 48, 49, 50, 52], "summary": {"covered_lines": 10, "num_statements": 12, "percent_covered": 83.33333333333333, "percent_covered_display": "83.33", "missing_lines": 2, "excluded_lines": 0, "percent_statements_covered": 83.33333333333333, "percent_statements_covered_display": "83.33"}, "missing_lines": [46, 47], "excluded_lines": []}, "extract_doi": {"executed_lines": [64, 68, 74, 75, 76, 77, 79, 80, 82], "summary": {"covered_lines": 9, "num_statements": 10, "percent_covered": 90.0, "percent_covered_display": "90.00", "missing_lines": 1, "excluded_lines": 0, "percent_statements_covered": 90.0, "percent_statements_covered_display": "90.00"}, "missing_lines": [65], "excluded_lines": []}, "clean_html": {"executed_lines": [94, 97, 98], "summary": {"covered_lines": 3, "num_statements": 4, "percent_covered": 75.0, "percent_covered_display": "75.00", "missing_lines": 1, "excluded_lines": 0, "percent_statements_covered": 75.0, "percent_statements_covered_display": "75.00"}, "missing_lines": [95], "excluded_lines": []}, "parse_authors": {"executed_lines": [110, 113, 114, 117, 118, 120, 121, 129], "summary": {"covered_lines": 8, "num_statements": 11, "percent_covered": 72.72727272727273, "percent_covered_display": "72.73", "missing_lines": 3, "excluded_lines": 0, "percent_statements_covered": 72.72727272727273, "percent_statements_covered_display": "72.73"}, "missing_lines": [123, 124, 126], "excluded_lines": []}, "parse_entry": {"executed_lines": [146, 147, 150, 151, 152, 155, 157, 158, 160, 161, 163, 164, 167, 168, 171, 174, 175, 176, 177, 180, 181, 182, 183, 186], "summary": {"covered_lines": 24, "num_statements": 25, "percent_covered": 96.0, "percent_covered_display": "96.00", "missing_lines": 1, "excluded_lines": 0, "percent_statements_covered": 96.0, "percent_statements_covered_display": "96.00"}, "missing_lines": [184], "excluded_lines": []}, "parse_rss_entries": {"executed_lines": [210, 212, 213, 214, 216, 217, 222, 223], "summary": {"covered_lines": 8, "num_statements": 11, "percent_covered": 72.72727272727273, "percent_covered_display": "72.73", "missing_lines": 3, "excluded_lines": 0, "percent_statements_covered": 72.72727272727273, "percent_statements_covered_display": "72.73"}, "missing_lines": [218, 219, 220], "excluded_lines": []}, "": {"executed_lines": [1, 6, 7, 9, 10, 11, 13, 15, 18, 55, 85, 101, 132, 197], "summary": {"covered_lines": 13, "num_statements": 13, "percent_covered": 100.0, "percent_covered_display": "100.00", "missing_lines": 0, "excluded_lines": 0, "percent_statements_covered": 100.0, "percent_statements_covered_display": "100.00"}, "missing_lines": [], "excluded_lines": []}}, "classes": {"": {"executed_lines": [1, 6, 7, 9, 10, 11, 13, 15, 18, 32, 35, 42, 43, 44, 45, 48, 49, 50, 52, 55, 64, 68, 74, 75, 76, 77, 79, 80, 82, 85, 94, 97, 98, 101, 110, 113, 114, 117, 118, 120, 121, 129, 132, 146, 147, 150, 151, 152, 155, 157, 158, 160, 161, 163, 164, 167, 168, 171, 174, 175, 176, 177, 180, 181, 182, 183, 186, 197, 210, 212, 213, 214, 216, 217, 222, 223], "summary": {"covered_lines": 75, "num_statements": 86, "percent_covered": 87.20930232558139, "percent_covered_display": "87.21", "missing_lines": 11, "excluded_lines": 0, "percent_statements_covered": 87.20930232558139, "percent_statements_covered_display": "87.21"}, "missing_lines": [46, 47, 65, 95, 123, 124, 126, 184, 218, 219, 220], "excluded_lines": []}}}, "src/evo_flywheel/config.py": {"executed_lines": [1, 6, 8, 9, 12, 13, 19, 25, 31, 35, 41, 45, 49, 53, 57, 63, 69, 75, 79, 84, 93, 96, 103, 104, 105, 108, 114, 117, 119, 120, 126, 127], "summary": {"covered_lines": 30, "num_statements": 30, "percent_covered": 100.0, "percent_covered_display": "100.00", "missing_lines": 0, "excluded_lines": 0, "percent_statements_covered": 100.0, "percent_statements_covered_display": "100.00"}, "missing_lines": [], "excluded_lines": [], "functions": {"get_settings": {"executed_lines": [103, 104, 105], "summary": {"covered_lines": 3, "num_statements": 3, "percent_covered": 100.0, "percent_covered_display": "100.00", "missing_lines": 0, "excluded_lines": 0, "percent_statements_covered": 100.0, "percent_statements_covered_display": "100.00"}, "missing_lines": [], "excluded_lines": []}, "get_project_root": {"executed_lines": [114], "summary": {"covered_lines": 1, "num_statements": 1, "percent_covered": 100.0, "percent_covered_display": "100.00", "missing_lines": 0, "excluded_lines": 0, "percent_statements_covered": 100.0, "percent_statements_covered_display": "100.00"}, "missing_lines": [], "excluded_lines": []}, "ensure_directories": {"executed_lines": [119, 120, 126, 127], "summary": {"covered_lines": 4, "num_statements": 4, "percent_covered": 100.0, "percent_covered_display": "100.00", "missing_lines": 0, "excluded_lines": 0, "percent_statements_covered": 100.0, "percent_statements_covered_display": "100.00"}, "missing_lines": [], "excluded_lines": []}, "": {"executed_lines": [1, 6, 8, 9, 12, 13, 19, 25, 31, 35, 41, 45, 49, 53, 57, 63, 69, 75, 79, 84, 93, 96, 108, 117], "summary": {"covered_lines": 22, "num_statements": 22, "percent_covered": 100.0, "percent_covered_display": "100.00", "missing_lines": 0, "excluded_lines": 0, "percent_statements_covered": 100.0, "percent_statements_covered_display": "100.00"}, "missing_lines": [], "excluded_lines": []}}, "classes": {"Settings": {"executed_lines": [], "summary": {"covered_lines": 0, "num_statements": 0, "percent_covered": 100.0, "percent_covered_display": "100.00", "missing_lines": 0, "excluded_lines": 0, "percent_statements_covered": 100.0, "percent_statements_covered_display": "100.00"}, "missing_lines": [], "excluded_lines": []}, "": {"executed_lines": [1, 6, 8, 9, 12, 13, 19, 25, 31, 35, 41, 45, 49, 53, 57, 63, 69, 75, 79, 84, 93, 96, 103, 104, 105, 108, 114, 117, 119, 120, 126, 127], "summary": {"covered_lines": 30, "num_statements": 30, "percent_covered": 100.0, "percent_covered_display": "100.00", "missing_lines": 0, "excluded_lines": 0, "percent_statements_covered": 100.0, "percent_statements_covered_display": "100.00"}, "missing_lines": [], "excluded_lines": []}}}, "src/evo_flywheel/db/crud.py": {"executed_lines": [1, 6, 8, 10, 11, 13, 20, 64, 81, 82, 83, 85, 88, 89, 90, 92, 95, 105, 108, 118, 121, 145, 148, 149, 150, 152, 154, 158, 160, 163, 178, 179, 183, 185, 187, 191, 192, 193, 195, 196, 198, 201, 211, 212, 215, 216, 218, 226, 248, 255, 256, 258, 259, 260, 262, 265, 275, 278, 295, 315, 322, 323, 324, 326, 329], "summary": {"covered_lines": 64, "num_statements": 76, "percent_covered": 84.21052631578948, "percent_covered_display": "84.21", "missing_lines": 12, "excluded_lines": 0, "percent_statements_covered": 84.21052631578948, "percent_statements_covered_display": "84.21"}, "missing_lines": [84, 86, 151, 153, 155, 180, 184, 186, 188, 213, 287, 339], "excluded_lines": [], "functions": {"create_paper": {"executed_lines": [64, 81, 82, 83, 85, 88, 89, 90, 92], "summary": {"covered_lines": 9, "num_statements": 11, "percent_covered": 81.81818181818181, "percent_covered_display": "81.82", "missing_lines": 2, "excluded_lines": 0, "percent_statements_covered": 81.81818181818181, "percent_statements_covered_display": "81.82"}, "missing_lines": [84, 86], "excluded_lines": []}, "get_paper_by_id": {"executed_lines": [105], "summary": {"covered_lines": 1, "num_statements": 1, "percent_covered": 100.0, "percent_covered_display": "100.00", "missing_lines": 0, "excluded_lines": 0, "percent_statements_covered": 100.0, "percent_statements_covered_display": "100.00"}, "missing_lines": [], "excluded_lines": []}, "get_paper_by_doi": {"executed_lines": [118], "summary": {"covered_lines": 1, "num_statements": 1, "percent_covered": 100.0, "percent_covered_display": "100.00", "missing_lines": 0, "excluded_lines": 0, "percent_statements_covered": 100.0, "percent_statements_covered_display": "100.00"}, "missing_lines": [], "excluded_lines": []}, "get_papers": {"executed_lines": [145, 148, 149, 150, 152, 154, 158, 160], "summary": {"covered_lines": 8, "num_statements": 11, "percent_covered": 72.72727272727273, "percent_covered_display": "72.73", "missing_lines": 3, "excluded_lines": 0, "percent_statements_covered": 72.72727272727273, "percent_statements_covered_display": "72.73"}, "missing_lines": [151, 153, 155], "excluded_lines": []}, "update_paper": {"executed_lines": [178, 179, 183, 185, 187, 191, 192, 193, 195, 196, 198], "summary": {"covered_lines": 11, "num_statements": 15, "percent_covered": 73.33333333333333, "percent_covered_display": "73.33", "missing_lines": 4, "excluded_lines": 0, "percent_statements_covered": 73.33333333333333, "percent_statements_covered_display": "73.33"}, "missing_lines": [180, 184, 186, 188], "excluded_lines": []}, "delete_paper": {"executed_lines": [211, 212, 215, 216, 218], "summary": {"covered_lines": 5, "num_statements": 6, "percent_covered": 83.33333333333333, "percent_covered_display": "83.33", "missing_lines": 1, "excluded_lines": 0, "percent_statements_covered": 83.33333333333333, "percent_statements_covered_display": "83.33"}, "missing_lines": [213], "excluded_lines": []}, "create_daily_report": {"executed_lines": [248, 255, 256, 258, 259, 260, 262], "summary": {"covered_lines": 7, "num_statements": 7, "percent_covered": 100.0, "percent_covered_display": "100.00", "missing_lines": 0, "excluded_lines": 0, "percent_statements_covered": 100.0, "percent_statements_covered_display": "100.00"}, "missing_lines": [], "excluded_lines": []}, "get_daily_report_by_date": {"executed_lines": [275], "summary": {"covered_lines": 1, "num_statements": 1, "percent_covered": 100.0, "percent_covered_display": "100.00", "missing_lines": 0, "excluded_lines": 0, "percent_statements_covered": 100.0, "percent_statements_covered_display": "100.00"}, "missing_lines": [], "excluded_lines": []}, "get_latest_daily_report": {"executed_lines": [], "summary": {"covered_lines": 0, "num_statements": 1, "percent_covered": 0.0, "percent_covered_display": "0.00", "missing_lines": 1, "excluded_lines": 0, "percent_statements_covered": 0.0, "percent_statements_covered_display": "0.00"}, "missing_lines": [287], "excluded_lines": []}, "create_feedback": {"executed_lines": [315, 322, 323, 324, 326], "summary": {"covered_lines": 5, "num_statements": 5, "percent_covered": 100.0, "percent_covered_display": "100.00", "missing_lines": 0, "excluded_lines": 0, "percent_statements_covered": 100.0, "percent_statements_covered_display": "100.00"}, "missing_lines": [], "excluded_lines": []}, "get_feedbacks_by_paper": {"executed_lines": [], "summary": {"covered_lines": 0, "num_statements": 1, "percent_covered": 0.0, "percent_covered_display": "0.00", "missing_lines": 1, "excluded_lines": 0, "percent_statements_covered": 0.0, "percent_statements_covered_display": "0.00"}, "missing_lines": [339], "excluded_lines": []}, "": {"executed_lines": [1, 6, 8, 10, 11, 13, 20, 95, 108, 121, 163, 201, 226, 265, 278, 295, 329], "summary": {"covered_lines": 16, "num_statements": 16, "percent_covered": 100.0, "percent_covered_display": "100.00", "missing_lines": 0, "excluded_lines": 0, "percent_statements_covered": 100.0, "percent_statements_covered_display": "100.00"}, "missing_lines": [], "excluded_lines": []}}, "classes": {"": {"executed_lines": [1, 6, 8, 10, 11, 13, 20, 64, 81, 82, 83, 85, 88, 89, 90, 92, 95, 105, 108, 118, 121, 145, 148, 149, 150, 152, 154, 158, 160, 163, 178, 179, 183, 185, 187, 191, 192, 193, 195, 196, 198, 201, 211, 212, 215, 216, 218, 226, 248, 255, 256, 258, 259, 260, 262, 265, 275, 278, 295, 315, 322, 323, 324, 326, 329], "summary": {"covered_lines": 64, "num_statements": 76, "percent_covered": 84.21052631578948, "percent_covered_display": "84.21", "missing_lines": 12, "excluded_lines": 0, "percent_statements_covered": 84.21052631578948, "percent_statements_covered_display": "84.21"}, "missing_lines": [84, 86, 151, 153, 155, 180, 184, 186, 188, 213, 287, 339], "excluded_lines": []}}}, "src/evo_flywheel/db/init.py": {"executed_lines": [], "summary": {"covered_lines": 0, "num_statements": 37, "percent_covered": 0.0, "percent_covered_display": "0.00", "missing_lines": 37, "excluded_lines": 2, "percent_statements_covered": 0.0, "percent_statements_covered_display": "0.00"}, "missing_lines": [6, 7, 10, 12, 14, 15, 18, 24, 28, 29, 30, 32, 35, 42, 43, 44, 47, 48, 51, 52, 54, 57, 64, 65, 66, 68, 71, 73, 75, 76, 77, 79, 80, 81, 82, 83, 85], "excluded_lines": [88, 89], "functions": {"init_database": {"executed_lines": [], "summary": {"covered_lines": 0, "num_statements": 14, "percent_covered": 0.0, "percent_covered_display": "0.00", "missing_lines": 14, "excluded_lines": 0, "percent_statements_covered": 0.0, "percent_statements_covered_display": "0.00"}, "missing_lines": [24, 28, 29, 30, 32, 35, 42, 43, 44, 47, 48, 51, 52, 54], "excluded_lines": []}, "create_indexes": {"executed_lines": [], "summary": {"covered_lines": 0, "num_statements": 4, "percent_covered": 0.0, "percent_covered_display": "0.00", "missing_lines": 4, "excluded_lines": 0, "percent_statements_covered": 0.0, "percent_statements_covered_display": "0.00"}, "missing_lines": [64, 65, 66, 68], "excluded_lines": []}, "main": {"executed_lines": [], "summary": {"covered_lines": 0, "num_statements": 10, "percent_covered": 0.0, "percent_covered_display": "0.00", "missing_lines": 10, "excluded_lines": 0, "percent_statements_covered": 0.0, "percent_statements_covered_display": "0.00"}, "missing_lines": [73, 75, 76, 77, 79, 80, 81, 82, 83, 85], "excluded_lines": []}, "": {"executed_lines": [], "summary": {"covered_lines": 0, "num_statements": 9, "percent_covered": 0.0, "percent_covered_display": "0.00", "missing_lines": 9, "excluded_lines": 2, "percent_statements_covered": 0.0, "percent_statements_covered_display": "0.00"}, "missing_lines": [6, 7, 10, 12, 14, 15, 18, 57, 71], "excluded_lines": [88, 89]}}, "classes": {"": {"executed_lines": [], "summary": {"covered_lines": 0, "num_statements": 37, "percent_covered": 0.0, "percent_covered_display": "0.00", "missing_lines": 37, "excluded_lines": 2, "percent_statements_covered": 0.0, "percent_statements_covered_display": "0.00"}, "missing_lines": [6, 7, 10, 12, 14, 15, 18, 24, 28, 29, 30, 32, 35, 42, 43, 44, 47, 48, 51, 52, 54, 57, 64, 65, 66, 68, 71, 73, 75, 76, 77, 79, 80, 81, 82, 83, 85], "excluded_lines": [88, 89]}}}, "src/evo_flywheel/db/models.py": {"executed_lines": [1, 3, 4, 6, 15, 17, 20, 21, 23, 25, 26, 27, 28, 29, 30, 31, 32, 33, 36, 37, 38, 39, 42, 43, 44, 45, 48, 49, 51, 53, 56, 57, 63, 64, 66, 68, 69, 78, 79, 83, 84, 90, 91, 96, 97, 99, 101, 102, 103, 104, 105, 106, 107, 109, 112, 113, 119, 120, 122, 125, 126, 128, 130, 131, 132, 133, 134, 135, 138, 140, 142, 146, 147, 149, 151, 152, 153, 154, 155, 156, 157, 158, 160], "summary": {"covered_lines": 74, "num_statements": 91, "percent_covered": 81.31868131868131, "percent_covered_display": "81.32", "missing_lines": 17, "excluded_lines": 8, "percent_statements_covered": 81.31868131868131, "percent_statements_covered_display": "81.32"}, "missing_lines": [59, 60, 61, 71, 72, 73, 74, 75, 76, 81, 86, 87, 88, 93, 115, 116, 117], "excluded_lines": [53, 54, 109, 110, 142, 143, 160, 161], "functions": {"Paper.__repr__": {"executed_lines": [], "summary": {"covered_lines": 0, "num_statements": 0, "percent_covered": 100.0, "percent_covered_display": "100.00", "missing_lines": 0, "excluded_lines": 1, "percent_statements_covered": 100.0, "percent_statements_covered_display": "100.00"}, "missing_lines": [], "excluded_lines": [54]}, "Paper.authors_list": {"executed_lines": [66], "summary": {"covered_lines": 1, "num_statements": 1, "percent_covered": 100.0, "percent_covered_display": "100.00", "missing_lines": 0, "excluded_lines": 0, "percent_statements_covered": 100.0, "percent_statements_covered_display": "100.00"}, "missing_lines": [], "excluded_lines": []}, "Paper.findings_list": {"executed_lines": [], "summary": {"covered_lines": 0, "num_statements": 1, "percent_covered": 0.0, "percent_covered_display": "0.00", "missing_lines": 1, "excluded_lines": 0, "percent_statements_covered": 0.0, "percent_statements_covered_display": "0.00"}, "missing_lines": [81], "excluded_lines": []}, "Paper.tags_list": {"executed_lines": [], "summary": {"covered_lines": 0, "num_statements": 1, "percent_covered": 0.0, "percent_covered_display": "0.00", "missing_lines": 1, "excluded_lines": 0, "percent_statements_covered": 0.0, "percent_statements_covered_display": "0.00"}, "missing_lines": [93], "excluded_lines": []}, "DailyReport.__repr__": {"executed_lines": [], "summary": {"covered_lines": 0, "num_statements": 0, "percent_covered": 100.0, "percent_covered_display": "100.00", "missing_lines": 0, "excluded_lines": 1, "percent_statements_covered": 100.0, "percent_statements_covered_display": "100.00"}, "missing_lines": [], "excluded_lines": [110]}, "DailyReport.top_papers_list": {"executed_lines": [122], "summary": {"covered_lines": 1, "num_statements": 1, "percent_covered": 100.0, "percent_covered_display": "100.00", "missing_lines": 0, "excluded_lines": 0, "percent_statements_covered": 100.0, "percent_statements_covered_display": "100.00"}, "missing_lines": [], "excluded_lines": []}, "Feedback.__repr__": {"executed_lines": [], "summary": {"covered_lines": 0, "num_statements": 0, "percent_covered": 100.0, "percent_covered_display": "100.00", "missing_lines": 0, "excluded_lines": 1, "percent_statements_covered": 100.0, "percent_statements_covered_display": "100.00"}, "missing_lines": [], "excluded_lines": [143]}, "RSSSource.__repr__": {"executed_lines": [], "summary": {"covered_lines": 0, "num_statements": 0, "percent_covered": 100.0, "percent_covered_display": "100.00", "missing_lines": 0, "excluded_lines": 1, "percent_statements_covered": 100.0, "percent_statements_covered_display": "100.00"}, "missing_lines": [], "excluded_lines": [161]}, "": {"executed_lines": [1, 3, 4, 6, 15, 17, 20, 21, 23, 25, 26, 27, 28, 29, 30, 31, 32, 33, 36, 37, 38, 39, 42, 43, 44, 45, 48, 49, 51, 53, 56, 57, 63, 64, 68, 69, 78, 79, 83, 84, 90, 91, 96, 97, 99, 101, 102, 103, 104, 105, 106, 107, 109, 112, 113, 119, 120, 125, 126, 128, 130, 131, 132, 133, 134, 135, 138, 140, 142, 146, 147, 149, 151, 152, 153, 154, 155, 156, 157, 158, 160], "summary": {"covered_lines": 72, "num_statements": 72, "percent_covered": 100.0, "percent_covered_display": "100.00", "missing_lines": 0, "excluded_lines": 4, "percent_statements_covered": 100.0, "percent_statements_covered_display": "100.00"}, "missing_lines": [], "excluded_lines": [53, 109, 142, 160]}}, "classes": {"Paper": {"executed_lines": [66], "summary": {"covered_lines": 1, "num_statements": 15, "percent_covered": 6.666666666666667, "percent_covered_display": "6.67", "missing_lines": 14, "excluded_lines": 1, "percent_statements_covered": 6.666666666666667, "percent_statements_covered_display": "6.67"}, "missing_lines": [59, 60, 61, 71, 72, 73, 74, 75, 76, 81, 86, 87, 88, 93], "excluded_lines": [54]}, "DailyReport": {"executed_lines": [122], "summary": {"covered_lines": 1, "num_statements": 4, "percent_covered": 25.0, "percent_covered_display": "25.00", "missing_lines": 3, "excluded_lines": 1, "percent_statements_covered": 25.0, "percent_statements_covered_display": "25.00"}, "missing_lines": [115, 116, 117], "excluded_lines": [110]}, "Feedback": {"executed_lines": [], "summary": {"covered_lines": 0, "num_statements": 0, "percent_covered": 100.0, "percent_covered_display": "100.00", "missing_lines": 0, "excluded_lines": 1, "percent_statements_covered": 100.0, "percent_statements_covered_display": "100.00"}, "missing_lines": [], "excluded_lines": [143]}, "RSSSource": {"executed_lines": [], "summary": {"covered_lines": 0, "num_statements": 0, "percent_covered": 100.0, "percent_covered_display": "100.00", "missing_lines": 0, "excluded_lines": 1, "percent_statements_covered": 100.0, "percent_statements_covered_display": "100.00"}, "missing_lines": [], "excluded_lines": [161]}, "": {"executed_lines": [1, 3, 4, 6, 15, 17, 20, 21, 23, 25, 26, 27, 28, 29, 30, 31, 32, 33, 36, 37, 38, 39, 42, 43, 44, 45, 48, 49, 51, 53, 56, 57, 63, 64, 68, 69, 78, 79, 83, 84, 90, 91, 96, 97, 99, 101, 102, 103, 104, 105, 106, 107, 109, 112, 113, 119, 120, 125, 126, 128, 130, 131, 132, 133, 134, 135, 138, 140, 142, 146, 147, 149, 151, 152, 153, 154, 155, 156, 157, 158, 160], "summary": {"covered_lines": 72, "num_statements": 72, "percent_covered": 100.0, "percent_covered_display": "100.00", "missing_lines": 0, "excluded_lines": 4, "percent_statements_covered": 100.0, "percent_statements_covered_display": "100.00"}, "missing_lines": [], "excluded_lines": [53, 109, 142, 160]}}}, "src/evo_flywheel/logging.py": {"executed_lines": [1, 6, 7, 8, 9, 10, 11, 12, 13, 15, 18, 19, 21, 51, 69, 70, 73, 74, 78, 81, 84, 85, 88, 91, 92, 93, 94, 97, 98, 99, 105, 106, 107, 110, 119, 122, 123, 125, 147, 161], "summary": {"covered_lines": 37, "num_statements": 56, "percent_covered": 66.07142857142857, "percent_covered_display": "66.07", "missing_lines": 19, "excluded_lines": 0, "percent_statements_covered": 66.07142857142857, "percent_statements_covered_display": "66.07"}, "missing_lines": [30, 41, 42, 45, 46, 48, 79, 136, 137, 139, 140, 142, 144, 157, 158, 167, 170, 171, 174], "excluded_lines": [], "functions": {"JSONFormatter.format": {"executed_lines": [], "summary": {"covered_lines": 0, "num_statements": 6, "percent_covered": 0.0, "percent_covered_display": "0.00", "missing_lines": 6, "excluded_lines": 0, "percent_statements_covered": 0.0, "percent_statements_covered_display": "0.00"}, "missing_lines": [30, 41, 42, 45, 46, 48], "excluded_lines": []}, "setup_logging": {"executed_lines": [69, 70, 73, 74, 78, 81, 84, 85, 88, 91, 92, 93, 94, 97, 98, 99, 105, 106, 107], "summary": {"covered_lines": 19, "num_statements": 20, "percent_covered": 95.0, "percent_covered_display": "95.00", "missing_lines": 1, "excluded_lines": 0, "percent_statements_covered": 95.0, "percent_statements_covered_display": "95.00"}, "missing_lines": [79], "excluded_lines": []}, "get_logger": {"executed_lines": [119], "summary": {"covered_lines": 1, "num_statements": 1, "percent_covered": 100.0, "percent_covered_display": "100.00", "missing_lines": 0, "excluded_lines": 0, "percent_statements_covered": 100.0, "percent_statements_covered_display": "100.00"}, "missing_lines": [], "excluded_lines": []}, "LoggerAdapter.process": {"executed_lines": [], "summary": {"covered_lines": 0, "num_statements": 6, "percent_covered": 0.0, "percent_covered_display": "0.00", "missing_lines": 6, "excluded_lines": 0, "percent_statements_covered": 0.0, "percent_statements_covered_display": "0.00"}, "missing_lines": [136, 137, 139, 140, 142, 144], "excluded_lines": []}, "get_logger_with_context": {"executed_lines": [], "summary": {"covered_lines": 0, "num_statements": 2, "percent_covered": 0.0, "percent_covered_display": "0.00", "missing_lines": 2, "excluded_lines": 0, "percent_statements_covered": 0.0, "percent_statements_covered_display": "0.00"}, "missing_lines": [157, 158], "excluded_lines": []}, "init_logging": {"executed_lines": [], "summary": {"covered_lines": 0, "num_statements": 4, "percent_covered": 0.0, "percent_covered_display": "0.00", "missing_lines": 4, "excluded_lines": 0, "percent_statements_covered": 0.0, "percent_statements_covered_display": "0.00"}, "missing_lines": [167, 170, 171, 174], "excluded_lines": []}, "": {"executed_lines": [1, 6, 7, 8, 9, 10, 11, 12, 13, 15, 18, 19, 21, 51, 110, 122, 123, 125, 147, 161], "summary": {"covered_lines": 17, "num_statements": 17, "percent_covered": 100.0, "percent_covered_display": "100.00", "missing_lines": 0, "excluded_lines": 0, "percent_statements_covered": 100.0, "percent_statements_covered_display": "100.00"}, "missing_lines": [], "excluded_lines": []}}, "classes": {"JSONFormatter": {"executed_lines": [], "summary": {"covered_lines": 0, "num_statements": 6, "percent_covered": 0.0, "percent_covered_display": "0.00", "missing_lines": 6, "excluded_lines": 0, "percent_statements_covered": 0.0, "percent_statements_covered_display": "0.00"}, "missing_lines": [30, 41, 42, 45, 46, 48], "excluded_lines": []}, "LoggerAdapter": {"executed_lines": [], "summary": {"covered_lines": 0, "num_statements": 6, "percent_covered": 0.0, "percent_covered_display": "0.00", "missing_lines": 6, "excluded_lines": 0, "percent_statements_covered": 0.0, "percent_statements_covered_display": "0.00"}, "missing_lines": [136, 137, 139, 140, 142, 144], "excluded_lines": []}, "": {"executed_lines": [1, 6, 7, 8, 9, 10, 11, 12, 13, 15, 18, 19, 21, 51, 69, 70, 73, 74, 78, 81, 84, 85, 88, 91, 92, 93, 94, 97, 98, 99, 105, 106, 107, 110, 119, 122, 123, 125, 147, 161], "summary": {"covered_lines": 37, "num_statements": 44, "percent_covered": 84.0909090909091, "percent_covered_display": "84.09", "missing_lines": 7, "excluded_lines": 0, "percent_statements_covered": 84.0909090909091, "percent_statements_covered_display": "84.09"}, "missing_lines": [79, 157, 158, 167, 170, 171, 174], "excluded_lines": []}}}, "src/evo_flywheel/scheduler/analysis.py": {"executed_lines": [1, 6, 7, 9, 10, 12, 13, 14, 15, 16, 17, 18, 20, 23, 38, 39, 41, 42, 51, 53, 54, 55, 66, 67, 70, 79, 80, 82, 84, 85, 87, 88, 89, 93, 94, 97, 108, 110, 111, 113, 116, 131, 134, 136, 137, 138, 141, 148, 151, 152, 154, 159, 166, 177, 178, 180, 181, 190, 192, 193, 194, 203, 204, 207, 220, 221, 223, 224, 226, 228, 229, 230, 231, 234, 237, 238, 242, 257, 258, 260, 261, 263, 266, 279, 282, 284, 289, 290, 297, 299, 301, 303, 309, 319, 321, 322, 324, 325, 326, 344, 345, 346, 347, 348, 349, 353, 354, 356, 357, 358, 361, 362, 363, 368, 369, 371, 374], "summary": {"covered_lines": 115, "num_statements": 124, "percent_covered": 92.74193548387096, "percent_covered_display": "92.74", "missing_lines": 9, "excluded_lines": 2, "percent_statements_covered": 92.74193548387096, "percent_statements_covered_display": "92.74"}, "missing_lines": [90, 91, 235, 239, 285, 286, 327, 343, 351], "excluded_lines": [374, 375], "functions": {"_get_unanalyzed_papers": {"executed_lines": [38, 39, 41, 42, 51, 53, 54, 55, 66, 67], "summary": {"covered_lines": 10, "num_statements": 10, "percent_covered": 100.0, "percent_covered_display": "100.00", "missing_lines": 0, "excluded_lines": 0, "percent_statements_covered": 100.0, "percent_statements_covered_display": "100.00"}, "missing_lines": [], "excluded_lines": []}, "_update_analysis_to_db": {"executed_lines": [79, 80, 82, 84, 85, 87, 88, 89, 93, 94, 97, 108, 110, 111, 113], "summary": {"covered_lines": 15, "num_statements": 17, "percent_covered": 88.23529411764706, "percent_covered_display": "88.24", "missing_lines": 2, "excluded_lines": 0, "percent_statements_covered": 88.23529411764706, "percent_statements_covered_display": "88.24"}, "missing_lines": [90, 91], "excluded_lines": []}, "analyze_unanalyzed_papers": {"executed_lines": [131, 134, 136, 137, 138, 141, 148, 151, 152, 154, 159], "summary": {"covered_lines": 11, "num_statements": 11, "percent_covered": 100.0, "percent_covered_display": "100.00", "missing_lines": 0, "excluded_lines": 0, "percent_statements_covered": 100.0, "percent_statements_covered_display": "100.00"}, "missing_lines": [], "excluded_lines": []}, "_get_unembedded_papers": {"executed_lines": [177, 178, 180, 181, 190, 192, 193, 194, 203, 204], "summary": {"covered_lines": 10, "num_statements": 10, "percent_covered": 100.0, "percent_covered_display": "100.00", "missing_lines": 0, "excluded_lines": 0, "percent_statements_covered": 100.0, "percent_statements_covered_display": "100.00"}, "missing_lines": [], "excluded_lines": []}, "_save_embeddings_to_chroma": {"executed_lines": [220, 221, 223, 224, 226, 228, 229, 230, 231, 234, 237, 238, 242, 257, 258, 260, 261, 263], "summary": {"covered_lines": 18, "num_statements": 20, "percent_covered": 90.0, "percent_covered_display": "90.00", "missing_lines": 2, "excluded_lines": 0, "percent_statements_covered": 90.0, "percent_statements_covered_display": "90.00"}, "missing_lines": [235, 239], "excluded_lines": []}, "embed_unembedded_papers": {"executed_lines": [279, 282, 284, 289, 290, 297, 299, 301, 303], "summary": {"covered_lines": 9, "num_statements": 11, "percent_covered": 81.81818181818181, "percent_covered_display": "81.82", "missing_lines": 2, "excluded_lines": 0, "percent_statements_covered": 81.81818181818181, "percent_statements_covered_display": "81.82"}, "missing_lines": [285, 286], "excluded_lines": []}, "main": {"executed_lines": [319, 321, 322, 324, 325, 326, 344, 345, 346, 347, 348, 349, 353, 354, 356, 357, 358, 361, 362, 363, 368, 369, 371], "summary": {"covered_lines": 23, "num_statements": 26, "percent_covered": 88.46153846153847, "percent_covered_display": "88.46", "missing_lines": 3, "excluded_lines": 0, "percent_statements_covered": 88.46153846153847, "percent_statements_covered_display": "88.46"}, "missing_lines": [327, 343, 351], "excluded_lines": []}, "": {"executed_lines": [1, 6, 7, 9, 10, 12, 13, 14, 15, 16, 17, 18, 20, 23, 70, 116, 166, 207, 266, 309, 374], "summary": {"covered_lines": 19, "num_statements": 19, "percent_covered": 100.0, "percent_covered_display": "100.00", "missing_lines": 0, "excluded_lines": 2, "percent_statements_covered": 100.0, "percent_statements_covered_display": "100.00"}, "missing_lines": [], "excluded_lines": [374, 375]}}, "classes": {"": {"executed_lines": [1, 6, 7, 9, 10, 12, 13, 14, 15, 16, 17, 18, 20, 23, 38, 39, 41, 42, 51, 53, 54, 55, 66, 67, 70, 79, 80, 82, 84, 85, 87, 88, 89, 93, 94, 97, 108, 110, 111, 113, 116, 131, 134, 136, 137, 138, 141, 148, 151, 152, 154, 159, 166, 177, 178, 180, 181, 190, 192, 193, 194, 203, 204, 207, 220, 221, 223, 224, 226, 228, 229, 230, 231, 234, 237, 238, 242, 257, 258, 260, 261, 263, 266, 279, 282, 284, 289, 290, 297, 299, 301, 303, 309, 319, 321, 322, 324, 325, 326, 344, 345, 346, 347, 348, 349, 353, 354, 356, 357, 358, 361, 362, 363, 368, 369, 371, 374], "summary": {"covered_lines": 115, "num_statements": 124, "percent_covered": 92.74193548387096, "percent_covered_display": "92.74", "missing_lines": 9, "excluded_lines": 2, "percent_statements_covered": 92.74193548387096, "percent_statements_covered_display": "92.74"}, "missing_lines": [90, 91, 235, 239, 285, 286, 327, 343, 351], "excluded_lines": [374, 375]}}}, "src/evo_flywheel/scheduler/jobs.py": {"executed_lines": [1, 6, 7, 8, 9, 11, 12, 13, 14, 16, 17, 19, 22, 31, 33, 34, 35, 37, 38, 39, 41, 43, 45, 46, 54, 55, 62, 79, 82, 86, 87, 88, 89, 91, 93, 95, 102, 105, 106, 108, 115, 124, 125, 126, 128, 129, 131, 132, 134, 135, 136, 138, 139, 140, 145, 150, 161, 167, 168, 172, 175, 185, 187, 190, 200, 201, 204, 212, 214, 215, 216, 218, 219, 221, 223, 224, 225, 226, 227, 231, 232, 233, 234, 235, 236, 238], "summary": {"covered_lines": 85, "num_statements": 99, "percent_covered": 85.85858585858585, "percent_covered_display": "85.86", "missing_lines": 14, "excluded_lines": 0, "percent_statements_covered": 85.85858585858585, "percent_statements_covered_display": "85.86"}, "missing_lines": [57, 58, 59, 83, 110, 111, 112, 141, 143, 146, 147, 163, 164, 165], "excluded_lines": [], "functions": {"load_rss_sources": {"executed_lines": [31, 33, 34, 35, 37, 38, 39, 41, 43, 45, 46, 54, 55], "summary": {"covered_lines": 13, "num_statements": 16, "percent_covered": 81.25, "percent_covered_display": "81.25", "missing_lines": 3, "excluded_lines": 0, "percent_statements_covered": 81.25, "percent_statements_covered_display": "81.25"}, "missing_lines": [57, 58, 59], "excluded_lines": []}, "collect_daily_papers": {"executed_lines": [79, 82, 86, 87, 88, 89, 91, 93, 95, 102, 105, 106, 108], "summary": {"covered_lines": 13, "num_statements": 17, "percent_covered": 76.47058823529412, "percent_covered_display": "76.47", "missing_lines": 4, "excluded_lines": 0, "percent_statements_covered": 76.47058823529412, "percent_statements_covered_display": "76.47"}, "missing_lines": [83, 110, 111, 112], "excluded_lines": []}, "_save_papers_to_db": {"executed_lines": [124, 125, 126, 128, 129, 131, 132, 134, 135, 136, 138, 139, 140, 145, 150, 161, 167, 168, 172], "summary": {"covered_lines": 19, "num_statements": 26, "percent_covered": 73.07692307692308, "percent_covered_display": "73.08", "missing_lines": 7, "excluded_lines": 0, "percent_statements_covered": 73.07692307692308, "percent_statements_covered_display": "73.08"}, "missing_lines": [141, 143, 146, 147, 163, 164, 165], "excluded_lines": []}, "schedule_daily_collection": {"executed_lines": [185, 187, 190, 200, 201], "summary": {"covered_lines": 5, "num_statements": 5, "percent_covered": 100.0, "percent_covered_display": "100.00", "missing_lines": 0, "excluded_lines": 0, "percent_statements_covered": 100.0, "percent_statements_covered_display": "100.00"}, "missing_lines": [], "excluded_lines": []}, "main": {"executed_lines": [212, 214, 215, 216, 218, 219, 221, 223, 224, 225, 226, 227, 231, 232, 233, 234, 235, 236, 238], "summary": {"covered_lines": 19, "num_statements": 19, "percent_covered": 100.0, "percent_covered_display": "100.00", "missing_lines": 0, "excluded_lines": 0, "percent_statements_covered": 100.0, "percent_statements_covered_display": "100.00"}, "missing_lines": [], "excluded_lines": []}, "": {"executed_lines": [1, 6, 7, 8, 9, 11, 12, 13, 14, 16, 17, 19, 22, 62, 115, 175, 204], "summary": {"covered_lines": 16, "num_statements": 16, "percent_covered": 100.0, "percent_covered_display": "100.00", "missing_lines": 0, "excluded_lines": 0, "percent_statements_covered": 100.0, "percent_statements_covered_display": "100.00"}, "missing_lines": [], "excluded_lines": []}}, "classes": {"": {"executed_lines": [1, 6, 7, 8, 9, 11, 12, 13, 14, 16, 17, 19, 22, 31, 33, 34, 35, 37, 38, 39, 41, 43, 45, 46, 54, 55, 62, 79, 82, 86, 87, 88, 89, 91, 93, 95, 102, 105, 106, 108, 115, 124, 125, 126, 128, 129, 131, 132, 134, 135, 136, 138, 139, 140, 145, 150, 161, 167, 168, 172, 175, 185, 187, 190, 200, 201, 204, 212, 214, 215, 216, 218, 219, 221, 223, 224, 225, 226, 227, 231, 232, 233, 234, 235, 236, 238], "summary": {"covered_lines": 85, "num_statements": 99, "percent_covered": 85.85858585858585, "percent_covered_display": "85.86", "missing_lines": 14, "excluded_lines": 0, "percent_statements_covered": 85.85858585858585, "percent_statements_covered_display": "85.86"}, "missing_lines": [57, 58, 59, 83, 110, 111, 112, 141, 143, 146, 147, 163, 164, 165], "excluded_lines": []}}}, "src/evo_flywheel/vector/client.py": {"executed_lines": [1, 6, 7, 9, 11, 12, 14, 17, 20, 23, 33, 34, 35, 38, 41, 42, 44, 47, 60, 62, 63, 65, 68, 84, 86, 94, 111, 113, 119, 122, 136], "summary": {"covered_lines": 30, "num_statements": 34, "percent_covered": 88.23529411764706, "percent_covered_display": "88.24", "missing_lines": 4, "excluded_lines": 0, "percent_statements_covered": 88.23529411764706, "percent_statements_covered_display": "88.24"}, "missing_lines": [132, 133, 145, 146], "excluded_lines": [], "functions": {"get_chroma_client": {"executed_lines": [33, 34, 35, 38, 41, 42, 44], "summary": {"covered_lines": 7, "num_statements": 7, "percent_covered": 100.0, "percent_covered_display": "100.00", "missing_lines": 0, "excluded_lines": 0, "percent_statements_covered": 100.0, "percent_statements_covered_display": "100.00"}, "missing_lines": [], "excluded_lines": []}, "get_or_create_collection": {"executed_lines": [60, 62, 63, 65], "summary": {"covered_lines": 4, "num_statements": 4, "percent_covered": 100.0, "percent_covered_display": "100.00", "missing_lines": 0, "excluded_lines": 0, "percent_statements_covered": 100.0, "percent_statements_covered_display": "100.00"}, "missing_lines": [], "excluded_lines": []}, "add_paper_embedding": {"executed_lines": [84, 86], "summary": {"covered_lines": 2, "num_statements": 2, "percent_covered": 100.0, "percent_covered_display": "100.00", "missing_lines": 0, "excluded_lines": 0, "percent_statements_covered": 100.0, "percent_statements_covered_display": "100.00"}, "missing_lines": [], "excluded_lines": []}, "search_similar_papers": {"executed_lines": [111, 113, 119], "summary": {"covered_lines": 3, "num_statements": 3, "percent_covered": 100.0, "percent_covered_display": "100.00", "missing_lines": 0, "excluded_lines": 0, "percent_statements_covered": 100.0, "percent_statements_covered_display": "100.00"}, "missing_lines": [], "excluded_lines": []}, "delete_paper_embedding": {"executed_lines": [], "summary": {"covered_lines": 0, "num_statements": 2, "percent_covered": 0.0, "percent_covered_display": "0.00", "missing_lines": 2, "excluded_lines": 0, "percent_statements_covered": 0.0, "percent_statements_covered_display": "0.00"}, "missing_lines": [132, 133], "excluded_lines": []}, "get_paper_count": {"executed_lines": [], "summary": {"covered_lines": 0, "num_statements": 2, "percent_covered": 0.0, "percent_covered_display": "0.00", "missing_lines": 2, "excluded_lines": 0, "percent_statements_covered": 0.0, "percent_statements_covered_display": "0.00"}, "missing_lines": [145, 146], "excluded_lines": []}, "": {"executed_lines": [1, 6, 7, 9, 11, 12, 14, 17, 20, 23, 47, 68, 94, 122, 136], "summary": {"covered_lines": 14, "num_statements": 14, "percent_covered": 100.0, "percent_covered_display": "100.00", "missing_lines": 0, "excluded_lines": 0, "percent_statements_covered": 100.0, "percent_statements_covered_display": "100.00"}, "missing_lines": [], "excluded_lines": []}}, "classes": {"": {"executed_lines": [1, 6, 7, 9, 11, 12, 14, 17, 20, 23, 33, 34, 35, 38, 41, 42, 44, 47, 60, 62, 63, 65, 68, 84, 86, 94, 111, 113, 119, 122, 136], "summary": {"covered_lines": 30, "num_statements": 34, "percent_covered": 88.23529411764706, "percent_covered_display": "88.24", "missing_lines": 4, "excluded_lines": 0, "percent_statements_covered": 88.23529411764706, "percent_statements_covered_display": "88.24"}, "missing_lines": [132, 133, 145, 146], "excluded_lines": []}}}, "src/evo_flywheel/vector/embeddings.py": {"executed_lines": [1, 6, 8, 10, 11, 13, 16, 19, 30, 33, 36, 37, 39, 40, 55, 69, 70, 72, 74, 75, 78, 86, 89, 90, 96, 97, 99, 101, 104, 105, 106, 109, 126, 127, 129, 131, 133, 134, 135, 136, 137, 138, 139, 143, 144, 146, 147, 148, 149, 157, 159], "summary": {"covered_lines": 50, "num_statements": 66, "percent_covered": 75.75757575757575, "percent_covered_display": "75.76", "missing_lines": 16, "excluded_lines": 0, "percent_statements_covered": 75.75757575757575, "percent_statements_covered_display": "75.76"}, "missing_lines": [31, 43, 44, 46, 52, 91, 93, 102, 103, 140, 150, 151, 152, 153, 154, 155], "excluded_lines": [], "functions": {"get_embedding_client": {"executed_lines": [30, 33, 36, 37, 39, 40], "summary": {"covered_lines": 6, "num_statements": 11, "percent_covered": 54.54545454545455, "percent_covered_display": "54.55", "missing_lines": 5, "excluded_lines": 0, "percent_statements_covered": 54.54545454545455, "percent_statements_covered_display": "54.55"}, "missing_lines": [31, 43, 44, 46, 52], "excluded_lines": []}, "generate_embedding": {"executed_lines": [69, 70, 72, 74, 75, 78, 86, 89, 90, 96, 97, 99, 101, 104, 105, 106], "summary": {"covered_lines": 16, "num_statements": 20, "percent_covered": 80.0, "percent_covered_display": "80.00", "missing_lines": 4, "excluded_lines": 0, "percent_statements_covered": 80.0, "percent_statements_covered_display": "80.00"}, "missing_lines": [91, 93, 102, 103], "excluded_lines": []}, "generate_embeddings_batch": {"executed_lines": [126, 127, 129, 131, 143, 144, 146, 147, 148, 149, 157, 159], "summary": {"covered_lines": 12, "num_statements": 18, "percent_covered": 66.66666666666667, "percent_covered_display": "66.67", "missing_lines": 6, "excluded_lines": 0, "percent_statements_covered": 66.66666666666667, "percent_statements_covered_display": "66.67"}, "missing_lines": [150, 151, 152, 153, 154, 155], "excluded_lines": []}, "generate_embeddings_batch._embed_single": {"executed_lines": [133, 134, 135, 136, 137, 138, 139], "summary": {"covered_lines": 7, "num_statements": 8, "percent_covered": 87.5, "percent_covered_display": "87.50", "missing_lines": 1, "excluded_lines": 0, "percent_statements_covered": 87.5, "percent_statements_covered_display": "87.50"}, "missing_lines": [140], "excluded_lines": []}, "": {"executed_lines": [1, 6, 8, 10, 11, 13, 16, 19, 55, 109], "summary": {"covered_lines": 9, "num_statements": 9, "percent_covered": 100.0, "percent_covered_display": "100.00", "missing_lines": 0, "excluded_lines": 0, "percent_statements_covered": 100.0, "percent_statements_covered_display": "100.00"}, "missing_lines": [], "excluded_lines": []}}, "classes": {"": {"executed_lines": [1, 6, 8, 10, 11, 13, 16, 19, 30, 33, 36, 37, 39, 40, 55, 69, 70, 72, 74, 75, 78, 86, 89, 90, 96, 97, 99, 101, 104, 105, 106, 109, 126, 127, 129, 131, 133, 134, 135, 136, 137, 138, 139, 143, 144, 146, 147, 148, 149, 157, 159], "summary": {"covered_lines": 50, "num_statements": 66, "percent_covered": 75.75757575757575, "percent_covered_display": "75.76", "missing_lines": 16, "excluded_lines": 0, "percent_statements_covered": 75.75757575757575, "percent_statements_covered_display": "75.76"}, "missing_lines": [31, 43, 44, 46, 52, 91, 93, 102, 103, 140, 150, 151, 152, 153, 154, 155], "excluded_lines": []}}}, "src/evo_flywheel/vector/hybrid.py": {"executed_lines": [1, 6, 8, 9, 10, 11, 12, 14, 17, 20, 51, 61, 63, 65, 67, 68, 69, 83, 84, 87, 90, 92, 99, 109, 110, 112, 115, 147, 148, 149, 152, 154, 155, 157, 160, 172, 173, 175], "summary": {"covered_lines": 37, "num_statements": 38, "percent_covered": 97.36842105263158, "percent_covered_display": "97.37", "missing_lines": 1, "excluded_lines": 0, "percent_statements_covered": 97.36842105263158, "percent_statements_covered_display": "97.37"}, "missing_lines": [153], "excluded_lines": [], "functions": {"hybrid_search": {"executed_lines": [51, 61, 63, 65, 67, 68, 69, 83, 84, 87, 90, 92, 99, 109, 110, 112], "summary": {"covered_lines": 16, "num_statements": 16, "percent_covered": 100.0, "percent_covered_display": "100.00", "missing_lines": 0, "excluded_lines": 0, "percent_statements_covered": 100.0, "percent_statements_covered_display": "100.00"}, "missing_lines": [], "excluded_lines": []}, "hybrid_search_by_text": {"executed_lines": [147, 148, 149, 152, 154, 155, 157, 160, 172, 173, 175], "summary": {"covered_lines": 11, "num_statements": 12, "percent_covered": 91.66666666666667, "percent_covered_display": "91.67", "missing_lines": 1, "excluded_lines": 0, "percent_statements_covered": 91.66666666666667, "percent_statements_covered_display": "91.67"}, "missing_lines": [153], "excluded_lines": []}, "": {"executed_lines": [1, 6, 8, 9, 10, 11, 12, 14, 17, 20, 115], "summary": {"covered_lines": 10, "num_statements": 10, "percent_covered": 100.0, "percent_covered_display": "100.00", "missing_lines": 0, "excluded_lines": 0, "percent_statements_covered": 100.0, "percent_statements_covered_display": "100.00"}, "missing_lines": [], "excluded_lines": []}}, "classes": {"": {"executed_lines": [1, 6, 8, 9, 10, 11, 12, 14, 17, 20, 51, 61, 63, 65, 67, 68, 69, 83, 84, 87, 90, 92, 99, 109, 110, 112, 115, 147, 148, 149, 152, 154, 155, 157, 160, 172, 173, 175], "summary": {"covered_lines": 37, "num_statements": 38, "percent_covered": 97.36842105263158, "percent_covered_display": "97.37", "missing_lines": 1, "excluded_lines": 0, "percent_statements_covered": 97.36842105263158, "percent_statements_covered_display": "97.37"}, "missing_lines": [153], "excluded_lines": []}}}, "src/evo_flywheel/vector/search.py": {"executed_lines": [1, 6, 8, 9, 10, 12, 15, 18, 27, 28, 31, 45, 46, 47, 48, 50, 51, 52, 53, 71, 73, 80, 103, 106, 107, 108, 110, 112, 113, 119, 125, 126, 128, 131, 156, 157, 159, 161, 164, 167, 176, 178, 181, 201, 203, 206, 207, 211, 212, 215, 218, 219, 225, 228, 233, 235, 237], "summary": {"covered_lines": 56, "num_statements": 58, "percent_covered": 96.55172413793103, "percent_covered_display": "96.55", "missing_lines": 2, "excluded_lines": 0, "percent_statements_covered": 96.55172413793103, "percent_statements_covered_display": "96.55"}, "missing_lines": [208, 213], "excluded_lines": [], "functions": {"_validate_query_vector": {"executed_lines": [27, 28], "summary": {"covered_lines": 2, "num_statements": 2, "percent_covered": 100.0, "percent_covered_display": "100.00", "missing_lines": 0, "excluded_lines": 0, "percent_statements_covered": 100.0, "percent_statements_covered_display": "100.00"}, "missing_lines": [], "excluded_lines": []}, "_format_search_results": {"executed_lines": [45, 46, 47, 48, 50, 51, 52, 53, 71, 73], "summary": {"covered_lines": 10, "num_statements": 10, "percent_covered": 100.0, "percent_covered_display": "100.00", "missing_lines": 0, "excluded_lines": 0, "percent_statements_covered": 100.0, "percent_statements_covered_display": "100.00"}, "missing_lines": [], "excluded_lines": []}, "semantic_search": {"executed_lines": [103, 106, 107, 108, 110, 112, 113, 119, 125, 126, 128], "summary": {"covered_lines": 11, "num_statements": 11, "percent_covered": 100.0, "percent_covered_display": "100.00", "missing_lines": 0, "excluded_lines": 0, "percent_statements_covered": 100.0, "percent_statements_covered_display": "100.00"}, "missing_lines": [], "excluded_lines": []}, "semantic_search_by_text": {"executed_lines": [156, 157, 159, 161, 164, 167, 176, 178], "summary": {"covered_lines": 8, "num_statements": 8, "percent_covered": 100.0, "percent_covered_display": "100.00", "missing_lines": 0, "excluded_lines": 0, "percent_statements_covered": 100.0, "percent_statements_covered_display": "100.00"}, "missing_lines": [], "excluded_lines": []}, "semantic_search_similar_paper": {"executed_lines": [201, 203, 206, 207, 211, 212, 215, 218, 219, 225, 228, 233, 235, 237], "summary": {"covered_lines": 14, "num_statements": 16, "percent_covered": 87.5, "percent_covered_display": "87.50", "missing_lines": 2, "excluded_lines": 0, "percent_statements_covered": 87.5, "percent_statements_covered_display": "87.50"}, "missing_lines": [208, 213], "excluded_lines": []}, "": {"executed_lines": [1, 6, 8, 9, 10, 12, 15, 18, 31, 80, 131, 181], "summary": {"covered_lines": 11, "num_statements": 11, "percent_covered": 100.0, "percent_covered_display": "100.00", "missing_lines": 0, "excluded_lines": 0, "percent_statements_covered": 100.0, "percent_statements_covered_display": "100.00"}, "missing_lines": [], "excluded_lines": []}}, "classes": {"": {"executed_lines": [1, 6, 8, 9, 10, 12, 15, 18, 27, 28, 31, 45, 46, 47, 48, 50, 51, 52, 53, 71, 73, 80, 103, 106, 107, 108, 110, 112, 113, 119, 125, 126, 128, 131, 156, 157, 159, 161, 164, 167, 176, 178, 181, 201, 203, 206, 207, 211, 212, 215, 218, 219, 225, 228, 233, 235, 237], "summary": {"covered_lines": 56, "num_statements": 58, "percent_covered": 96.55172413793103, "percent_covered_display": "96.55", "missing_lines": 2, "excluded_lines": 0, "percent_statements_covered": 96.55172413793103, "percent_statements_covered_display": "96.55"}, "missing_lines": [208, 213], "excluded_lines": []}}}, "src/evo_flywheel/vector/storage.py": {"executed_lines": [1, 6, 8, 9, 11, 12, 13, 14, 16, 19, 32, 33, 34, 37, 38, 39, 41, 44, 53, 62, 69, 70, 71, 72, 74, 77, 91, 92, 96, 98, 101, 104, 107, 108, 115, 118, 137, 138, 140, 141, 142, 143, 146, 149, 150, 151, 152, 154, 155, 157, 158, 159, 160, 167, 168, 169, 170, 172, 173, 176, 177, 178, 179, 180, 181, 182, 190, 197, 198, 199, 200, 202, 203, 204, 205, 206, 208, 210, 211, 212, 213, 214, 216, 217, 224, 230, 231, 234, 290, 305, 308, 309, 310, 311, 312, 314, 315, 316, 319, 320, 322, 323, 324, 326, 329, 336, 337], "summary": {"covered_lines": 106, "num_statements": 130, "percent_covered": 81.53846153846153, "percent_covered_display": "81.54", "missing_lines": 24, "excluded_lines": 0, "percent_statements_covered": 81.53846153846153, "percent_statements_covered_display": "81.54"}, "missing_lines": [93, 161, 163, 164, 165, 183, 184, 185, 186, 187, 207, 242, 244, 247, 253, 254, 256, 257, 260, 261, 262, 283, 286, 287], "excluded_lines": [], "functions": {"_extract_text_for_embedding": {"executed_lines": [32, 33, 34, 37, 38, 39, 41], "summary": {"covered_lines": 7, "num_statements": 7, "percent_covered": 100.0, "percent_covered_display": "100.00", "missing_lines": 0, "excluded_lines": 0, "percent_statements_covered": 100.0, "percent_statements_covered_display": "100.00"}, "missing_lines": [], "excluded_lines": []}, "_build_metadata": {"executed_lines": [53, 62, 69, 70, 71, 72, 74], "summary": {"covered_lines": 7, "num_statements": 7, "percent_covered": 100.0, "percent_covered_display": "100.00", "missing_lines": 0, "excluded_lines": 0, "percent_statements_covered": 100.0, "percent_statements_covered_display": "100.00"}, "missing_lines": [], "excluded_lines": []}, "store_paper_embedding": {"executed_lines": [91, 92, 96, 98, 101, 104, 107, 108, 115], "summary": {"covered_lines": 9, "num_statements": 10, "percent_covered": 90.0, "percent_covered_display": "90.00", "missing_lines": 1, "excluded_lines": 0, "percent_statements_covered": 90.0, "percent_statements_covered_display": "90.00"}, "missing_lines": [93], "excluded_lines": []}, "store_papers_batch": {"executed_lines": [137, 138, 140, 141, 142, 143, 146, 149, 150, 151, 152, 154, 155, 157, 158, 159, 160, 167, 168, 169, 170, 172, 173, 176, 177, 178, 179, 180, 181, 182, 190, 197, 198, 199, 200, 202, 203, 204, 205, 206, 208, 210, 211, 212, 213, 214, 216, 217, 224, 230, 231], "summary": {"covered_lines": 51, "num_statements": 61, "percent_covered": 83.60655737704919, "percent_covered_display": "83.61", "missing_lines": 10, "excluded_lines": 0, "percent_statements_covered": 83.60655737704919, "percent_statements_covered_display": "83.61"}, "missing_lines": [161, 163, 164, 165, 183, 184, 185, 186, 187, 207], "excluded_lines": []}, "get_papers_without_embeddings": {"executed_lines": [], "summary": {"covered_lines": 0, "num_statements": 13, "percent_covered": 0.0, "percent_covered_display": "0.00", "missing_lines": 13, "excluded_lines": 0, "percent_statements_covered": 0.0, "percent_statements_covered_display": "0.00"}, "missing_lines": [242, 244, 247, 253, 254, 256, 257, 260, 261, 262, 283, 286, 287], "excluded_lines": []}, "rebuild_paper_embeddings": {"executed_lines": [305, 308, 309, 310, 311, 312, 314, 315, 316, 319, 320, 322, 323, 324, 326, 329, 336, 337], "summary": {"covered_lines": 18, "num_statements": 18, "percent_covered": 100.0, "percent_covered_display": "100.00", "missing_lines": 0, "excluded_lines": 0, "percent_statements_covered": 100.0, "percent_statements_covered_display": "100.00"}, "missing_lines": [], "excluded_lines": []}, "": {"executed_lines": [1, 6, 8, 9, 11, 12, 13, 14, 16, 19, 44, 77, 118, 234, 290], "summary": {"covered_lines": 14, "num_statements": 14, "percent_covered": 100.0, "percent_covered_display": "100.00", "missing_lines": 0, "excluded_lines": 0, "percent_statements_covered": 100.0, "percent_statements_covered_display": "100.00"}, "missing_lines": [], "excluded_lines": []}}, "classes": {"": {"executed_lines": [1, 6, 8, 9, 11, 12, 13, 14, 16, 19, 32, 33, 34, 37, 38, 39, 41, 44, 53, 62, 69, 70, 71, 72, 74, 77, 91, 92, 96, 98, 101, 104, 107, 108, 115, 118, 137, 138, 140, 141, 142, 143, 146, 149, 150, 151, 152, 154, 155, 157, 158, 159, 160, 167, 168, 169, 170, 172, 173, 176, 177, 178, 179, 180, 181, 182, 190, 197, 198, 199, 200, 202, 203, 204, 205, 206, 208, 210, 211, 212, 213, 214, 216, 217, 224, 230, 231, 234, 290, 305, 308, 309, 310, 311, 312, 314, 315, 316, 319, 320, 322, 323, 324, 326, 329, 336, 337], "summary": {"covered_lines": 106, "num_statements": 130, "percent_covered": 81.53846153846153, "percent_covered_display": "81.54", "missing_lines": 24, "excluded_lines": 0, "percent_statements_covered": 81.53846153846153, "percent_statements_covered_display": "81.54"}, "missing_lines": [93, 161, 163, 164, 165, 183, 184, 185, 186, 187, 207, 242, 244, 247, 253, 254, 256, 257, 260, 261, 262, 283, 286, 287], "excluded_lines": []}}}, "src/evo_flywheel/web/app.py": {"executed_lines": [1, 6, 8, 9, 11, 14, 23, 44, 77], "summary": {"covered_lines": 7, "num_statements": 20, "percent_covered": 35.0, "percent_covered_display": "35.00", "missing_lines": 13, "excluded_lines": 2, "percent_statements_covered": 35.0, "percent_statements_covered_display": "35.00"}, "missing_lines": [47, 48, 49, 52, 61, 62, 63, 65, 66, 69, 70, 73, 74], "excluded_lines": [77, 78], "functions": {"main": {"executed_lines": [], "summary": {"covered_lines": 0, "num_statements": 13, "percent_covered": 0.0, "percent_covered_display": "0.00", "missing_lines": 13, "excluded_lines": 0, "percent_statements_covered": 0.0, "percent_statements_covered_display": "0.00"}, "missing_lines": [47, 48, 49, 52, 61, 62, 63, 65, 66, 69, 70, 73, 74], "excluded_lines": []}, "": {"executed_lines": [1, 6, 8, 9, 11, 14, 23, 44, 77], "summary": {"covered_lines": 7, "num_statements": 7, "percent_covered": 100.0, "percent_covered_display": "100.00", "missing_lines": 0, "excluded_lines": 2, "percent_statements_covered": 100.0, "percent_statements_covered_display": "100.00"}, "missing_lines": [], "excluded_lines": [77, 78]}}, "classes": {"": {"executed_lines": [1, 6, 8, 9, 11, 14, 23, 44, 77], "summary": {"covered_lines": 7, "num_statements": 20, "percent_covered": 35.0, "percent_covered_display": "35.00", "missing_lines": 13, "excluded_lines": 2, "percent_statements_covered": 35.0, "percent_statements_covered_display": "35.00"}, "missing_lines": [47, 48, 49, 52, 61, 62, 63, 65, 66, 69, 70, 73, 74], "excluded_lines": [77, 78]}}}, "src/evo_flywheel/web/views/home.py": {"executed_lines": [1, 6, 8, 9, 11, 12, 14, 17, 29, 71, 115, 157], "summary": {"covered_lines": 11, "num_statements": 90, "percent_covered": 12.222222222222221, "percent_covered_display": "12.22", "missing_lines": 79, "excluded_lines": 0, "percent_statements_covered": 12.222222222222221, "percent_statements_covered_display": "12.22"}, "missing_lines": [19, 20, 26, 31, 33, 34, 35, 38, 41, 49, 55, 56, 57, 58, 59, 60, 61, 63, 64, 65, 67, 68, 73, 75, 76, 77, 80, 90, 91, 92, 94, 95, 97, 98, 99, 100, 101, 103, 104, 105, 107, 108, 109, 111, 112, 117, 119, 120, 122, 123, 126, 130, 131, 132, 134, 135, 137, 139, 140, 141, 142, 143, 144, 146, 147, 149, 150, 151, 153, 154, 159, 160, 163, 165, 168, 170, 173, 176, 177], "excluded_lines": [], "functions": {"get_db_connection": {"executed_lines": [], "summary": {"covered_lines": 0, "num_statements": 3, "percent_covered": 0.0, "percent_covered_display": "0.00", "missing_lines": 3, "excluded_lines": 0, "percent_statements_covered": 0.0, "percent_statements_covered_display": "0.00"}, "missing_lines": [19, 20, 26], "excluded_lines": []}, "render_stats_section": {"executed_lines": [], "summary": {"covered_lines": 0, "num_statements": 19, "percent_covered": 0.0, "percent_covered_display": "0.00", "missing_lines": 19, "excluded_lines": 0, "percent_statements_covered": 0.0, "percent_statements_covered_display": "0.00"}, "missing_lines": [31, 33, 34, 35, 38, 41, 49, 55, 56, 57, 58, 59, 60, 61, 63, 64, 65, 67, 68], "excluded_lines": []}, "render_recommendations_section": {"executed_lines": [], "summary": {"covered_lines": 0, "num_statements": 23, "percent_covered": 0.0, "percent_covered_display": "0.00", "missing_lines": 23, "excluded_lines": 0, "percent_statements_covered": 0.0, "percent_statements_covered_display": "0.00"}, "missing_lines": [73, 75, 76, 77, 80, 90, 91, 92, 94, 95, 97, 98, 99, 100, 101, 103, 104, 105, 107, 108, 109, 111, 112], "excluded_lines": []}, "render_daily_report_section": {"executed_lines": [], "summary": {"covered_lines": 0, "num_statements": 25, "percent_covered": 0.0, "percent_covered_display": "0.00", "missing_lines": 25, "excluded_lines": 0, "percent_statements_covered": 0.0, "percent_statements_covered_display": "0.00"}, "missing_lines": [117, 119, 120, 122, 123, 126, 130, 131, 132, 134, 135, 137, 139, 140, 141, 142, 143, 144, 146, 147, 149, 150, 151, 153, 154], "excluded_lines": []}, "render": {"executed_lines": [], "summary": {"covered_lines": 0, "num_statements": 9, "percent_covered": 0.0, "percent_covered_display": "0.00", "missing_lines": 9, "excluded_lines": 0, "percent_statements_covered": 0.0, "percent_statements_covered_display": "0.00"}, "missing_lines": [159, 160, 163, 165, 168, 170, 173, 176, 177], "excluded_lines": []}, "": {"executed_lines": [1, 6, 8, 9, 11, 12, 14, 17, 29, 71, 115, 157], "summary": {"covered_lines": 11, "num_statements": 11, "percent_covered": 100.0, "percent_covered_display": "100.00", "missing_lines": 0, "excluded_lines": 0, "percent_statements_covered": 100.0, "percent_statements_covered_display": "100.00"}, "missing_lines": [], "excluded_lines": []}}, "classes": {"": {"executed_lines": [1, 6, 8, 9, 11, 12, 14, 17, 29, 71, 115, 157], "summary": {"covered_lines": 11, "num_statements": 90, "percent_covered": 12.222222222222221, "percent_covered_display": "12.22", "missing_lines": 79, "excluded_lines": 0, "percent_statements_covered": 12.222222222222221, "percent_statements_covered_display": "12.22"}, "missing_lines": [19, 20, 26, 31, 33, 34, 35, 38, 41, 49, 55, 56, 57, 58, 59, 60, 61, 63, 64, 65, 67, 68, 73, 75, 76, 77, 80, 90, 91, 92, 94, 95, 97, 98, 99, 100, 101, 103, 104, 105, 107, 108, 109, 111, 112, 117, 119, 120, 122, 123, 126, 130, 131, 132, 134, 135, 137, 139, 140, 141, 142, 143, 144, 146, 147, 149, 150, 151, 153, 154, 159, 160, 163, 165, 168, 170, 173, 176, 177], "excluded_lines": []}}}, "src/evo_flywheel/web/views/list.py": {"executed_lines": [1, 6, 8, 9, 11, 12, 14, 17, 18, 21, 33, 107, 210, 258, 282], "summary": {"covered_lines": 14, "num_statements": 137, "percent_covered": 10.218978102189782, "percent_covered_display": "10.22", "missing_lines": 123, "excluded_lines": 0, "percent_statements_covered": 10.218978102189782, "percent_statements_covered_display": "10.22"}, "missing_lines": [23, 24, 30, 39, 41, 42, 44, 46, 52, 54, 60, 62, 72, 74, 76, 82, 84, 91, 97, 118, 119, 120, 123, 124, 127, 128, 129, 131, 132, 133, 135, 136, 137, 139, 140, 141, 143, 144, 145, 147, 148, 149, 152, 155, 156, 159, 160, 167, 169, 172, 173, 174, 176, 177, 179, 180, 182, 183, 184, 187, 188, 190, 191, 192, 194, 195, 197, 199, 201, 202, 203, 204, 206, 207, 221, 223, 225, 226, 227, 228, 230, 231, 232, 233, 235, 236, 244, 245, 252, 253, 255, 264, 265, 267, 269, 271, 272, 273, 275, 276, 277, 279, 284, 285, 288, 289, 290, 291, 294, 297, 298, 305, 306, 307, 314, 315, 316, 317, 318, 319, 320, 323, 324], "excluded_lines": [], "functions": {"get_db_connection": {"executed_lines": [], "summary": {"covered_lines": 0, "num_statements": 3, "percent_covered": 0.0, "percent_covered_display": "0.00", "missing_lines": 3, "excluded_lines": 0, "percent_statements_covered": 0.0, "percent_statements_covered_display": "0.00"}, "missing_lines": [23, 24, 30], "excluded_lines": []}, "render_filters_section": {"executed_lines": [], "summary": {"covered_lines": 0, "num_statements": 16, "percent_covered": 0.0, "percent_covered_display": "0.00", "missing_lines": 16, "excluded_lines": 0, "percent_statements_covered": 0.0, "percent_statements_covered_display": "0.00"}, "missing_lines": [39, 41, 42, 44, 46, 52, 54, 60, 62, 72, 74, 76, 82, 84, 91, 97], "excluded_lines": []}, "render_paper_list": {"executed_lines": [], "summary": {"covered_lines": 0, "num_statements": 55, "percent_covered": 0.0, "percent_covered_display": "0.00", "missing_lines": 55, "excluded_lines": 0, "percent_statements_covered": 0.0, "percent_statements_covered_display": "0.00"}, "missing_lines": [118, 119, 120, 123, 124, 127, 128, 129, 131, 132, 133, 135, 136, 137, 139, 140, 141, 143, 144, 145, 147, 148, 149, 152, 155, 156, 159, 160, 167, 169, 172, 173, 174, 176, 177, 179, 180, 182, 183, 184, 187, 188, 190, 191, 192, 194, 195, 197, 199, 201, 202, 203, 204, 206, 207], "excluded_lines": []}, "render_pagination": {"executed_lines": [], "summary": {"covered_lines": 0, "num_statements": 17, "percent_covered": 0.0, "percent_covered_display": "0.00", "missing_lines": 17, "excluded_lines": 0, "percent_statements_covered": 0.0, "percent_statements_covered_display": "0.00"}, "missing_lines": [221, 223, 225, 226, 227, 228, 230, 231, 232, 233, 235, 236, 244, 245, 252, 253, 255], "excluded_lines": []}, "render_export_section": {"executed_lines": [], "summary": {"covered_lines": 0, "num_statements": 11, "percent_covered": 0.0, "percent_covered_display": "0.00", "missing_lines": 11, "excluded_lines": 0, "percent_statements_covered": 0.0, "percent_statements_covered_display": "0.00"}, "missing_lines": [264, 265, 267, 269, 271, 272, 273, 275, 276, 277, 279], "excluded_lines": []}, "render": {"executed_lines": [], "summary": {"covered_lines": 0, "num_statements": 21, "percent_covered": 0.0, "percent_covered_display": "0.00", "missing_lines": 21, "excluded_lines": 0, "percent_statements_covered": 0.0, "percent_statements_covered_display": "0.00"}, "missing_lines": [284, 285, 288, 289, 290, 291, 294, 297, 298, 305, 306, 307, 314, 315, 316, 317, 318, 319, 320, 323, 324], "excluded_lines": []}, "": {"executed_lines": [1, 6, 8, 9, 11, 12, 14, 17, 18, 21, 33, 107, 210, 258, 282], "summary": {"covered_lines": 14, "num_statements": 14, "percent_covered": 100.0, "percent_covered_display": "100.00", "missing_lines": 0, "excluded_lines": 0, "percent_statements_covered": 100.0, "percent_statements_covered_display": "100.00"}, "missing_lines": [], "excluded_lines": []}}, "classes": {"": {"executed_lines": [1, 6, 8, 9, 11, 12, 14, 17, 18, 21, 33, 107, 210, 258, 282], "summary": {"covered_lines": 14, "num_statements": 137, "percent_covered": 10.218978102189782, "percent_covered_display": "10.22", "missing_lines": 123, "excluded_lines": 0, "percent_statements_covered": 10.218978102189782, "percent_statements_covered_display": "10.22"}, "missing_lines": [23, 24, 30, 39, 41, 42, 44, 46, 52, 54, 60, 62, 72, 74, 76, 82, 84, 91, 97, 118, 119, 120, 123, 124, 127, 128, 129, 131, 132, 133, 135, 136, 137, 139, 140, 141, 143, 144, 145, 147, 148, 149, 152, 155, 156, 159, 160, 167, 169, 172, 173, 174, 176, 177, 179, 180, 182, 183, 184, 187, 188, 190, 191, 192, 194, 195, 197, 199, 201, 202, 203, 204, 206, 207, 221, 223, 225, 226, 227, 228, 230, 231, 232, 233, 235, 236, 244, 245, 252, 253, 255, 264, 265, 267, 269, 271, 272, 273, 275, 276, 277, 279, 284, 285, 288, 289, 290, 291, 294, 297, 298, 305, 306, 307, 314, 315, 316, 317, 318, 319, 320, 323, 324], "excluded_lines": []}}}, "src/evo_flywheel/web/views/report.py": {"executed_lines": [1, 6, 8, 9, 11, 12, 14, 17, 20, 27, 39, 97, 169, 229, 273], "summary": {"covered_lines": 14, "num_statements": 134, "percent_covered": 10.447761194029852, "percent_covered_display": "10.45", "missing_lines": 120, "excluded_lines": 0, "percent_statements_covered": 10.447761194029852, "percent_statements_covered_display": "10.45"}, "missing_lines": [29, 30, 36, 45, 48, 50, 51, 57, 58, 65, 74, 75, 85, 94, 111, 112, 113, 116, 124, 129, 137, 142, 160, 161, 162, 163, 165, 166, 179, 180, 183, 184, 185, 186, 187, 188, 189, 190, 191, 194, 201, 204, 205, 206, 207, 209, 217, 226, 236, 238, 239, 240, 243, 244, 245, 246, 247, 248, 249, 251, 254, 257, 258, 260, 262, 263, 264, 266, 267, 268, 270, 275, 276, 279, 280, 281, 282, 283, 284, 287, 290, 293, 294, 296, 299, 300, 303, 304, 305, 308, 311, 312, 313, 315, 318, 319, 320, 326, 327, 329, 330, 331, 338, 339, 340, 341, 342, 343, 344, 345, 346, 347, 348, 350, 352, 354, 355, 356, 359, 360], "excluded_lines": [], "functions": {"get_db_connection": {"executed_lines": [], "summary": {"covered_lines": 0, "num_statements": 3, "percent_covered": 0.0, "percent_covered_display": "0.00", "missing_lines": 3, "excluded_lines": 0, "percent_statements_covered": 0.0, "percent_statements_covered_display": "0.00"}, "missing_lines": [29, 30, 36], "excluded_lines": []}, "render_generation_controls": {"executed_lines": [], "summary": {"covered_lines": 0, "num_statements": 11, "percent_covered": 0.0, "percent_covered_display": "0.00", "missing_lines": 11, "excluded_lines": 0, "percent_statements_covered": 0.0, "percent_statements_covered_display": "0.00"}, "missing_lines": [45, 48, 50, 51, 57, 58, 65, 74, 75, 85, 94], "excluded_lines": []}, "generate_report_data": {"executed_lines": [], "summary": {"covered_lines": 0, "num_statements": 14, "percent_covered": 0.0, "percent_covered_display": "0.00", "missing_lines": 14, "excluded_lines": 0, "percent_statements_covered": 0.0, "percent_statements_covered_display": "0.00"}, "missing_lines": [111, 112, 113, 116, 124, 129, 137, 142, 160, 161, 162, 163, 165, 166], "excluded_lines": []}, "render_markdown_report": {"executed_lines": [], "summary": {"covered_lines": 0, "num_statements": 20, "percent_covered": 0.0, "percent_covered_display": "0.00", "missing_lines": 20, "excluded_lines": 0, "percent_statements_covered": 0.0, "percent_statements_covered_display": "0.00"}, "missing_lines": [179, 180, 183, 184, 185, 186, 187, 188, 189, 190, 191, 194, 201, 204, 205, 206, 207, 209, 217, 226], "excluded_lines": []}, "render_report_display": {"executed_lines": [], "summary": {"covered_lines": 0, "num_statements": 23, "percent_covered": 0.0, "percent_covered_display": "0.00", "missing_lines": 23, "excluded_lines": 0, "percent_statements_covered": 0.0, "percent_statements_covered_display": "0.00"}, "missing_lines": [236, 238, 239, 240, 243, 244, 245, 246, 247, 248, 249, 251, 254, 257, 258, 260, 262, 263, 264, 266, 267, 268, 270], "excluded_lines": []}, "render": {"executed_lines": [], "summary": {"covered_lines": 0, "num_statements": 49, "percent_covered": 0.0, "percent_covered_display": "0.00", "missing_lines": 49, "excluded_lines": 0, "percent_statements_covered": 0.0, "percent_statements_covered_display": "0.00"}, "missing_lines": [275, 276, 279, 280, 281, 282, 283, 284, 287, 290, 293, 294, 296, 299, 300, 303, 304, 305, 308, 311, 312, 313, 315, 318, 319, 320, 326, 327, 329, 330, 331, 338, 339, 340, 341, 342, 343, 344, 345, 346, 347, 348, 350, 352, 354, 355, 356, 359, 360], "excluded_lines": []}, "": {"executed_lines": [1, 6, 8, 9, 11, 12, 14, 17, 20, 27, 39, 97, 169, 229, 273], "summary": {"covered_lines": 14, "num_statements": 14, "percent_covered": 100.0, "percent_covered_display": "100.00", "missing_lines": 0, "excluded_lines": 0, "percent_statements_covered": 100.0, "percent_statements_covered_display": "100.00"}, "missing_lines": [], "excluded_lines": []}}, "classes": {"": {"executed_lines": [1, 6, 8, 9, 11, 12, 14, 17, 20, 27, 39, 97, 169, 229, 273], "summary": {"covered_lines": 14, "num_statements": 134, "percent_covered": 10.447761194029852, "percent_covered_display": "10.45", "missing_lines": 120, "excluded_lines": 0, "percent_statements_covered": 10.447761194029852, "percent_statements_covered_display": "10.45"}, "missing_lines": [29, 30, 36, 45, 48, 50, 51, 57, 58, 65, 74, 75, 85, 94, 111, 112, 113, 116, 124, 129, 137, 142, 160, 161, 162, 163, 165, 166, 179, 180, 183, 184, 185, 186, 187, 188, 189, 190, 191, 194, 201, 204, 205, 206, 207, 209, 217, 226, 236, 238, 239, 240, 243, 244, 245, 246, 247, 248, 249, 251, 254, 257, 258, 260, 262, 263, 264, 266, 267, 268, 270, 275, 276, 279, 280, 281, 282, 283, 284, 287, 290, 293, 294, 296, 299, 300, 303, 304, 305, 308, 311, 312, 313, 315, 318, 319, 320, 326, 327, 329, 330, 331, 338, 339, 340, 341, 342, 343, 344, 345, 346, 347, 348, 350, 352, 354, 355, 356, 359, 360], "excluded_lines": []}}}, "src/evo_flywheel/web/views/search.py": {"executed_lines": [1, 6, 8, 9, 11, 14, 17, 85, 157, 200], "summary": {"covered_lines": 9, "num_statements": 103, "percent_covered": 8.737864077669903, "percent_covered_display": "8.74", "missing_lines": 94, "excluded_lines": 0, "percent_statements_covered": 8.737864077669903, "percent_statements_covered_display": "8.74"}, "missing_lines": [23, 26, 34, 35, 37, 39, 49, 58, 60, 67, 74, 75, 76, 77, 78, 79, 80, 82, 96, 97, 98, 100, 102, 108, 109, 110, 113, 116, 117, 118, 120, 121, 123, 124, 125, 131, 132, 134, 135, 136, 138, 140, 147, 149, 151, 152, 153, 154, 163, 164, 166, 168, 170, 175, 176, 177, 179, 181, 182, 183, 184, 189, 190, 191, 193, 195, 196, 197, 202, 203, 206, 207, 208, 209, 210, 211, 214, 217, 222, 223, 224, 225, 228, 229, 230, 237, 238, 240, 246, 247, 248, 250, 253, 254], "excluded_lines": [], "functions": {"render_search_input": {"executed_lines": [], "summary": {"covered_lines": 0, "num_statements": 18, "percent_covered": 0.0, "percent_covered_display": "0.00", "missing_lines": 18, "excluded_lines": 0, "percent_statements_covered": 0.0, "percent_statements_covered_display": "0.00"}, "missing_lines": [23, 26, 34, 35, 37, 39, 49, 58, 60, 67, 74, 75, 76, 77, 78, 79, 80, 82], "excluded_lines": []}, "render_search_results": {"executed_lines": [], "summary": {"covered_lines": 0, "num_statements": 30, "percent_covered": 0.0, "percent_covered_display": "0.00", "missing_lines": 30, "excluded_lines": 0, "percent_statements_covered": 0.0, "percent_statements_covered_display": "0.00"}, "missing_lines": [96, 97, 98, 100, 102, 108, 109, 110, 113, 116, 117, 118, 120, 121, 123, 124, 125, 131, 132, 134, 135, 136, 138, 140, 147, 149, 151, 152, 153, 154], "excluded_lines": []}, "render_similar_papers": {"executed_lines": [], "summary": {"covered_lines": 0, "num_statements": 20, "percent_covered": 0.0, "percent_covered_display": "0.00", "missing_lines": 20, "excluded_lines": 0, "percent_statements_covered": 0.0, "percent_statements_covered_display": "0.00"}, "missing_lines": [163, 164, 166, 168, 170, 175, 176, 177, 179, 181, 182, 183, 184, 189, 190, 191, 193, 195, 196, 197], "excluded_lines": []}, "render": {"executed_lines": [], "summary": {"covered_lines": 0, "num_statements": 26, "percent_covered": 0.0, "percent_covered_display": "0.00", "missing_lines": 26, "excluded_lines": 0, "percent_statements_covered": 0.0, "percent_statements_covered_display": "0.00"}, "missing_lines": [202, 203, 206, 207, 208, 209, 210, 211, 214, 217, 222, 223, 224, 225, 228, 229, 230, 237, 238, 240, 246, 247, 248, 250, 253, 254], "excluded_lines": []}, "": {"executed_lines": [1, 6, 8, 9, 11, 14, 17, 85, 157, 200], "summary": {"covered_lines": 9, "num_statements": 9, "percent_covered": 100.0, "percent_covered_display": "100.00", "missing_lines": 0, "excluded_lines": 0, "percent_statements_covered": 100.0, "percent_statements_covered_display": "100.00"}, "missing_lines": [], "excluded_lines": []}}, "classes": {"": {"executed_lines": [1, 6, 8, 9, 11, 14, 17, 85, 157, 200], "summary": {"covered_lines": 9, "num_statements": 103, "percent_covered": 8.737864077669903, "percent_covered_display": "8.74", "missing_lines": 94, "excluded_lines": 0, "percent_statements_covered": 8.737864077669903, "percent_statements_covered_display": "8.74"}, "missing_lines": [23, 26, 34, 35, 37, 39, 49, 58, 60, 67, 74, 75, 76, 77, 78, 79, 80, 82, 96, 97, 98, 100, 102, 108, 109, 110, 113, 116, 117, 118, 120, 121, 123, 124, 125, 131, 132, 134, 135, 136, 138, 140, 147, 149, 151, 152, 153, 154, 163, 164, 166, 168, 170, 175, 176, 177, 179, 181, 182, 183, 184, 189, 190, 191, 193, 195, 196, 197, 202, 203, 206, 207, 208, 209, 210, 211, 214, 217, 222, 223, 224, 225, 228, 229, 230, 237, 238, 240, 246, 247, 248, 250, 253, 254], "excluded_lines": []}}}}, "totals": {"covered_lines": 1135, "num_statements": 1766, "percent_covered": 64.26953567383919, "percent_covered_display": "64.27", "missing_lines": 631, "excluded_lines": 14, "percent_statements_covered": 64.26953567383919, "percent_statements_covered_display": "64.27"}}
